0.2917 	WARNING 	We strongly recommend you activate the PTB sound engine in PsychoPy prefs as the preferred audio engine. Its timing is vastly superior. Your prefs are currently set to use ['sounddevice', 'pyo', 'pygame'] (in that order).
5.5303 	WARNING 	User requested fullscreen with size [1024  768], but screen is actually [1680, 1050]. Using actual size
6.2952 	EXP 	Created window1 = Window(allowGUI=False, allowStencil=False, args=UNKNOWN, autoLog=True, bitsMode=UNKNOWN, blendMode='avg', bpc=(8, 8, 8), color=array([0., 0., 0.]), colorSpace='rgb', depthBits=8, fullscr=<method-wrapper '__getattribute__' of attributeSetter object at 0x128d349e8>, gamma=None, gammaErrorPolicy='raise', kwargs=UNKNOWN, lms=UNKNOWN, monitor=<psychopy.monitors.calibTools.Monitor object at 0x128a08e80>, multiSample=False, name='window1', numSamples=2, pos=[420.0, 262.5], screen=0, size=array([3360, 2100]), stencilBits=0, stereo=False, units='height', useFBO=True, useRetina=True, viewOri=0.0, viewPos=None, viewScale=None, waitBlanking=True, winType='pyglet')
6.2954 	EXP 	window1: mouseVisible = True
6.2954 	EXP 	window1: recordFrameIntervals = False
6.4828 	EXP 	window1: recordFrameIntervals = True
6.6663 	EXP 	window1: recordFrameIntervals = False
7.1282 	EXP 	Created text_eq_question_trial = TextStim(__class__=<class 'psychopy.visual.text.TextStim'>, alignHoriz=method-wrapper(...), alignText='center', alignVert=method-wrapper(...), anchorHoriz='center', anchorVert='center', antialias=True, autoLog=True, bold=False, color='white', colorSpace='named', contrast=1.0, depth=0.0, flipHoriz=False, flipVert=False, font='Arial', fontFiles=[], height=0.06, italic=False, languageStyle='LTR', name='text_eq_question_trial', opacity=1.0, ori=0, pos=array([0. , 0.2]), rgb=array([255., 255., 255.]), text='default text', units='height', win=Window(...), wrapWidth=1)
7.1369 	EXP 	window1: mouseVisible = True
7.1565 	EXP 	Created slider_eq_trial = Slider(__class__=<class 'psychopy.visual.slider.Slider'>, autoDraw=False, autoLog=True, color='LightGray', depth=0, flip=False, font='HelveticaBold', granularity=1.0, labelHeight=0.02, labelWrapWidth=None, labels=list(...), name='slider_eq_trial', pos=(0, -0.2), readOnly=False, self=UNKNOWN, size=(0.8, 0.02), style=method-wrapper(...), ticks=array([0, 1, 2, 3]), units='height', win=Window(...))
7.5553 	EXP 	Imported trials/eq_trials.csv as conditions, 60 conditions, 6 params
7.5557 	EXP 	Created sequence: sequential, trialTypes=60, nReps=1, seed=None
7.5560 	EXP 	New trial (rep=0, index=0): OrderedDict([('item_num', 1), ('item', 'I can easily tell if someone else wants to enter a conversation.'), ('is_test_item', 1), ('is_distractor', 0), ('is_agree_score', 1), ('is_disagree_score', 0)])
7.6088 	EXP 	slider_eq_trial: autoLog = True
7.6088 	EXP 	slider_eq_trial: markerPos = None
7.6088 	EXP 	slider_eq_trial: rating = None
7.6088 	EXP 	slider_eq_trial: markerPos = None
7.6088 	EXP 	slider_eq_trial: contrast = 1.0
7.6088 	EXP 	slider_eq_trial: autoLog = True
7.6088 	EXP 	slider_eq_trial: style = ['rating', 'triangleMarker']
7.6088 	EXP 	text_eq_question_trial: text = 'I can easily tell if someone else wants to enter a conversation.'
7.6088 	EXP 	slider_eq_trial: markerPos = None
7.6088 	EXP 	slider_eq_trial: markerPos = None
7.6088 	EXP 	slider_eq_trial: rating = None
7.6088 	EXP 	text_eq_question_trial: autoDraw = True
7.6088 	EXP 	slider_eq_trial: autoDraw = True
13.6007 	DATA 	Mouse: Left button down, pos=(693,309)
13.6321 	EXP 	slider_eq_trial: markerPos = 0.9749999999999999
13.6517 	EXP 	slider_eq_trial: markerPos = 0.9749999999999999
13.6822 	EXP 	slider_eq_trial: markerPos = 0.9749999999999999
13.6841 	DATA 	Mouse:  Left button up, pos=(693,309)
13.7019 	EXP 	slider_eq_trial: markerPos = 1.0
13.7019 	EXP 	slider_eq_trial: rating = 1.0
13.7039 	EXP 	New trial (rep=0, index=1): OrderedDict([('item_num', 2), ('item', 'I prefer animals to humans.'), ('is_test_item', 0), ('is_distractor', 1), ('is_agree_score', 0), ('is_disagree_score', 0)])
13.7322 	EXP 	text_eq_question_trial: autoDraw = False
13.7322 	EXP 	slider_eq_trial: autoDraw = False
13.7322 	EXP 	text_eq_question_trial: text = 'I prefer animals to humans.'
13.7322 	EXP 	slider_eq_trial: markerPos = None
13.7322 	EXP 	slider_eq_trial: markerPos = None
13.7322 	EXP 	slider_eq_trial: rating = None
13.7322 	EXP 	text_eq_question_trial: autoDraw = True
13.7322 	EXP 	slider_eq_trial: autoDraw = True
17.5836 	DATA 	Mouse: Left button down, pos=(414,324)
17.6036 	EXP 	slider_eq_trial: markerPos = -0.021428571428571352
17.6318 	EXP 	slider_eq_trial: markerPos = -0.021428571428571352
17.6517 	EXP 	slider_eq_trial: markerPos = -0.021428571428571352
17.6819 	EXP 	slider_eq_trial: markerPos = -0.021428571428571352
17.6838 	DATA 	Mouse:  Left button up, pos=(414,324)
17.7032 	EXP 	slider_eq_trial: markerPos = 0.0
17.7032 	EXP 	slider_eq_trial: rating = 0.0
17.7046 	EXP 	New trial (rep=0, index=2): OrderedDict([('item_num', 3), ('item', 'I try to keep up with the current trends and fashions.'), ('is_test_item', 0), ('is_distractor', 1), ('is_agree_score', 0), ('is_disagree_score', 0)])
17.7319 	EXP 	text_eq_question_trial: autoDraw = False
17.7319 	EXP 	slider_eq_trial: autoDraw = False
17.7319 	EXP 	text_eq_question_trial: text = 'I try to keep up with the current trends and fashions.'
17.7319 	EXP 	slider_eq_trial: markerPos = None
17.7319 	EXP 	slider_eq_trial: markerPos = None
17.7319 	EXP 	slider_eq_trial: rating = None
17.7319 	EXP 	text_eq_question_trial: autoDraw = True
17.7319 	EXP 	slider_eq_trial: autoDraw = True
20.2702 	DATA 	Mouse: Left button down, pos=(1247,317)
20.2987 	EXP 	slider_eq_trial: markerPos = 2.9535714285714287
20.3194 	EXP 	slider_eq_trial: markerPos = 2.9535714285714287
20.3488 	EXP 	slider_eq_trial: markerPos = 2.9535714285714287
20.3689 	EXP 	slider_eq_trial: markerPos = 2.9535714285714287
20.3988 	EXP 	slider_eq_trial: markerPos = 2.9535714285714287
20.4007 	DATA 	Mouse:  Left button up, pos=(1247,317)
20.4318 	EXP 	slider_eq_trial: markerPos = 3.0
20.4318 	EXP 	slider_eq_trial: rating = 3.0
20.4332 	EXP 	New trial (rep=0, index=3): OrderedDict([('item_num', 4), ('item', 'I find it difficult to explain to others things that I understand easily, \n  when they don’t understand it first time.'), ('is_test_item', 1), ('is_distractor', 0), ('is_agree_score', 0), ('is_disagree_score', 1)])
20.4654 	EXP 	text_eq_question_trial: autoDraw = False
20.4654 	EXP 	slider_eq_trial: autoDraw = False
20.4654 	EXP 	text_eq_question_trial: text = 'I find it difficult to explain to others things that I understand easily, \n  when they don’t understand it first time.'
20.4654 	EXP 	slider_eq_trial: markerPos = None
20.4654 	EXP 	slider_eq_trial: markerPos = None
20.4654 	EXP 	slider_eq_trial: rating = None
20.4654 	EXP 	text_eq_question_trial: autoDraw = True
20.4654 	EXP 	slider_eq_trial: autoDraw = True
26.2039 	DATA 	Mouse: Left button down, pos=(690,310)
26.2316 	EXP 	slider_eq_trial: markerPos = 0.9642857142857144
26.2530 	EXP 	slider_eq_trial: markerPos = 0.9642857142857144
26.2816 	EXP 	slider_eq_trial: markerPos = 0.9642857142857144
26.3024 	EXP 	slider_eq_trial: markerPos = 0.9642857142857144
26.3316 	EXP 	slider_eq_trial: markerPos = 0.9642857142857144
26.3332 	DATA 	Mouse:  Left button up, pos=(690,310)
26.3525 	EXP 	slider_eq_trial: markerPos = 1.0
26.3525 	EXP 	slider_eq_trial: rating = 1.0
26.3542 	EXP 	New trial (rep=0, index=4): OrderedDict([('item_num', 5), ('item', 'I dream most nights.'), ('is_test_item', 0), ('is_distractor', 1), ('is_agree_score', 0), ('is_disagree_score', 0)])
26.3816 	EXP 	text_eq_question_trial: autoDraw = False
26.3816 	EXP 	slider_eq_trial: autoDraw = False
26.3816 	EXP 	text_eq_question_trial: text = 'I dream most nights.'
26.3816 	EXP 	slider_eq_trial: markerPos = None
26.3816 	EXP 	slider_eq_trial: markerPos = None
26.3816 	EXP 	slider_eq_trial: rating = None
26.3816 	EXP 	text_eq_question_trial: autoDraw = True
26.3816 	EXP 	slider_eq_trial: autoDraw = True
28.3504 	DATA 	Mouse: Left button down, pos=(969,312)
28.3695 	EXP 	slider_eq_trial: markerPos = 1.9607142857142859
28.3982 	EXP 	slider_eq_trial: markerPos = 1.9607142857142859
28.4192 	EXP 	slider_eq_trial: markerPos = 1.9607142857142859
28.4480 	EXP 	slider_eq_trial: markerPos = 1.9607142857142859
28.4497 	DATA 	Mouse:  Left button up, pos=(969,312)
28.4683 	EXP 	slider_eq_trial: markerPos = 2.0
28.4683 	EXP 	slider_eq_trial: rating = 2.0
28.4700 	EXP 	New trial (rep=0, index=5): OrderedDict([('item_num', 6), ('item', 'I really enjoy caring for other people.'), ('is_test_item', 1), ('is_distractor', 0), ('is_agree_score', 1), ('is_disagree_score', 0)])
28.4983 	EXP 	text_eq_question_trial: autoDraw = False
28.4983 	EXP 	slider_eq_trial: autoDraw = False
28.4983 	EXP 	text_eq_question_trial: text = 'I really enjoy caring for other people.'
28.4983 	EXP 	slider_eq_trial: markerPos = None
28.4983 	EXP 	slider_eq_trial: markerPos = None
28.4983 	EXP 	slider_eq_trial: rating = None
28.4983 	EXP 	text_eq_question_trial: autoDraw = True
28.4983 	EXP 	slider_eq_trial: autoDraw = True
33.8921 	DATA 	Mouse: Left button down, pos=(419,307)
33.9344 	EXP 	slider_eq_trial: markerPos = -0.0035714285714285587
33.9646 	EXP 	slider_eq_trial: markerPos = -0.0035714285714285587
33.9839 	EXP 	slider_eq_trial: markerPos = -0.0035714285714285587
33.9856 	DATA 	Mouse:  Left button up, pos=(419,307)
34.0032 	EXP 	slider_eq_trial: markerPos = 0.0
34.0032 	EXP 	slider_eq_trial: rating = 0.0
34.0049 	EXP 	New trial (rep=0, index=6): OrderedDict([('item_num', 7), ('item', 'I try to solve my own problems rather than discussing them with others.'), ('is_test_item', 0), ('is_distractor', 1), ('is_agree_score', 0), ('is_disagree_score', 0)])
34.0315 	EXP 	text_eq_question_trial: autoDraw = False
34.0315 	EXP 	slider_eq_trial: autoDraw = False
34.0315 	EXP 	text_eq_question_trial: text = 'I try to solve my own problems rather than discussing them with others.'
34.0315 	EXP 	slider_eq_trial: markerPos = None
34.0315 	EXP 	slider_eq_trial: markerPos = None
34.0315 	EXP 	slider_eq_trial: rating = None
34.0315 	EXP 	text_eq_question_trial: autoDraw = True
34.0315 	EXP 	slider_eq_trial: autoDraw = True
36.3743 	DATA 	Mouse: Left button down, pos=(413,321)
36.4171 	EXP 	slider_eq_trial: markerPos = -0.02499999999999991
36.4362 	EXP 	slider_eq_trial: markerPos = -0.02499999999999991
36.4646 	EXP 	slider_eq_trial: markerPos = -0.02499999999999991
36.4837 	EXP 	slider_eq_trial: markerPos = -0.02499999999999991
36.4854 	DATA 	Mouse:  Left button up, pos=(413,321)
36.5145 	EXP 	slider_eq_trial: markerPos = 0.0
36.5145 	EXP 	slider_eq_trial: rating = 0.0
36.5163 	EXP 	New trial (rep=0, index=7): OrderedDict([('item_num', 8), ('item', 'I find it hard to know what to do in a social situation.'), ('is_test_item', 1), ('is_distractor', 0), ('is_agree_score', 0), ('is_disagree_score', 1)])
36.5477 	EXP 	text_eq_question_trial: autoDraw = False
36.5477 	EXP 	slider_eq_trial: autoDraw = False
36.5477 	EXP 	text_eq_question_trial: text = 'I find it hard to know what to do in a social situation.'
36.5477 	EXP 	slider_eq_trial: markerPos = None
36.5477 	EXP 	slider_eq_trial: markerPos = None
36.5477 	EXP 	slider_eq_trial: rating = None
36.5477 	EXP 	text_eq_question_trial: autoDraw = True
36.5477 	EXP 	slider_eq_trial: autoDraw = True
39.6173 	DATA 	Mouse: Left button down, pos=(982,319)
39.6358 	EXP 	slider_eq_trial: markerPos = 2.007142857142857
39.6643 	EXP 	slider_eq_trial: markerPos = 2.007142857142857
39.6836 	EXP 	slider_eq_trial: markerPos = 2.007142857142857
39.7023 	EXP 	slider_eq_trial: markerPos = 2.007142857142857
39.7313 	EXP 	slider_eq_trial: markerPos = 2.007142857142857
39.7331 	DATA 	Mouse:  Left button up, pos=(982,319)
39.7512 	EXP 	slider_eq_trial: markerPos = 2.0
39.7512 	EXP 	slider_eq_trial: rating = 2.0
39.7525 	EXP 	New trial (rep=0, index=8): OrderedDict([('item_num', 9), ('item', 'I am at my best first thing in the morning.'), ('is_test_item', 0), ('is_distractor', 1), ('is_agree_score', 0), ('is_disagree_score', 0)])
39.7812 	EXP 	text_eq_question_trial: autoDraw = False
39.7812 	EXP 	slider_eq_trial: autoDraw = False
39.7812 	EXP 	text_eq_question_trial: text = 'I am at my best first thing in the morning.'
39.7812 	EXP 	slider_eq_trial: markerPos = None
39.7812 	EXP 	slider_eq_trial: markerPos = None
39.7812 	EXP 	slider_eq_trial: rating = None
39.7812 	EXP 	text_eq_question_trial: autoDraw = True
39.7812 	EXP 	slider_eq_trial: autoDraw = True
42.9371 	DATA 	Mouse: Left button down, pos=(425,321)
42.9644 	EXP 	slider_eq_trial: markerPos = 0.01785714285714296
42.9836 	EXP 	slider_eq_trial: markerPos = 0.01785714285714296
43.0028 	EXP 	slider_eq_trial: markerPos = 0.01785714285714296
43.0309 	EXP 	slider_eq_trial: markerPos = 0.01785714285714296
43.0328 	DATA 	Mouse:  Left button up, pos=(425,321)
43.0506 	EXP 	slider_eq_trial: markerPos = 0.0
43.0506 	EXP 	slider_eq_trial: rating = 0.0
43.0522 	EXP 	New trial (rep=0, index=9): OrderedDict([('item_num', 10), ('item', 'People often tell me that I went too far in driving my point home in a \n  discussion.'), ('is_test_item', 1), ('is_distractor', 0), ('is_agree_score', 0), ('is_disagree_score', 1)])
43.0809 	EXP 	text_eq_question_trial: autoDraw = False
43.0809 	EXP 	slider_eq_trial: autoDraw = False
43.0809 	EXP 	text_eq_question_trial: text = 'People often tell me that I went too far in driving my point home in a \n  discussion.'
43.0809 	EXP 	slider_eq_trial: markerPos = None
43.0809 	EXP 	slider_eq_trial: markerPos = None
43.0809 	EXP 	slider_eq_trial: rating = None
43.0809 	EXP 	text_eq_question_trial: autoDraw = True
43.0809 	EXP 	slider_eq_trial: autoDraw = True
49.7031 	DATA 	Mouse: Left button down, pos=(970,311)
49.7472 	EXP 	slider_eq_trial: markerPos = 1.9642857142857144
49.7674 	EXP 	slider_eq_trial: markerPos = 1.9642857142857144
49.7972 	EXP 	slider_eq_trial: markerPos = 1.9642857142857144
49.8164 	EXP 	slider_eq_trial: markerPos = 1.9642857142857144
49.8180 	DATA 	Mouse:  Left button up, pos=(970,311)
49.8357 	EXP 	slider_eq_trial: markerPos = 2.0
49.8357 	EXP 	slider_eq_trial: rating = 2.0
49.8370 	EXP 	New trial (rep=0, index=10): OrderedDict([('item_num', 11), ('item', 'It doesn’t bother me too much if I am late meeting a friend.'), ('is_test_item', 1), ('is_distractor', 0), ('is_agree_score', 0), ('is_disagree_score', 1)])
49.8644 	EXP 	text_eq_question_trial: autoDraw = False
49.8644 	EXP 	slider_eq_trial: autoDraw = False
49.8644 	EXP 	text_eq_question_trial: text = 'It doesn’t bother me too much if I am late meeting a friend.'
49.8644 	EXP 	slider_eq_trial: markerPos = None
49.8644 	EXP 	slider_eq_trial: markerPos = None
49.8644 	EXP 	slider_eq_trial: rating = None
49.8644 	EXP 	text_eq_question_trial: autoDraw = True
49.8644 	EXP 	slider_eq_trial: autoDraw = True
53.9687 	DATA 	Mouse: Left button down, pos=(1262,312)
53.9974 	EXP 	slider_eq_trial: markerPos = 3.007142857142857
54.0172 	EXP 	slider_eq_trial: markerPos = 3.007142857142857
54.0472 	EXP 	slider_eq_trial: markerPos = 3.007142857142857
54.0669 	EXP 	slider_eq_trial: markerPos = 3.007142857142857
54.0972 	EXP 	slider_eq_trial: markerPos = 3.007142857142857
54.1167 	EXP 	slider_eq_trial: markerPos = 3.007142857142857
54.1358 	EXP 	slider_eq_trial: markerPos = 3.007142857142857
54.1379 	DATA 	Mouse:  Left button up, pos=(1262,312)
54.1643 	EXP 	slider_eq_trial: markerPos = 3.0
54.1643 	EXP 	slider_eq_trial: rating = 3.0
54.1660 	EXP 	New trial (rep=0, index=11): OrderedDict([('item_num', 12), ('item', 'Friendships and relationships are just too difficult, so I tend not to \n  bother with them.'), ('is_test_item', 1), ('is_distractor', 0), ('is_agree_score', 0), ('is_disagree_score', 1)])
54.1973 	EXP 	text_eq_question_trial: autoDraw = False
54.1973 	EXP 	slider_eq_trial: autoDraw = False
54.1973 	EXP 	text_eq_question_trial: text = 'Friendships and relationships are just too difficult, so I tend not to \n  bother with them.'
54.1973 	EXP 	slider_eq_trial: markerPos = None
54.1973 	EXP 	slider_eq_trial: markerPos = None
54.1973 	EXP 	slider_eq_trial: rating = None
54.1973 	EXP 	text_eq_question_trial: autoDraw = True
54.1973 	EXP 	slider_eq_trial: autoDraw = True
58.8019 	DATA 	Mouse: Left button down, pos=(970,326)
58.8307 	EXP 	slider_eq_trial: markerPos = 1.9642857142857144
58.8494 	EXP 	slider_eq_trial: markerPos = 1.9642857142857144
58.8689 	EXP 	slider_eq_trial: markerPos = 1.9642857142857144
58.8971 	EXP 	slider_eq_trial: markerPos = 1.9642857142857144
58.8987 	DATA 	Mouse:  Left button up, pos=(970,326)
58.9172 	EXP 	slider_eq_trial: markerPos = 2.0
58.9172 	EXP 	slider_eq_trial: rating = 2.0
58.9188 	EXP 	New trial (rep=0, index=12): OrderedDict([('item_num', 13), ('item', 'I would never break a law, no matter how minor.'), ('is_test_item', 0), ('is_distractor', 1), ('is_agree_score', 0), ('is_disagree_score', 0)])
58.9468 	EXP 	text_eq_question_trial: autoDraw = False
58.9468 	EXP 	slider_eq_trial: autoDraw = False
58.9468 	EXP 	text_eq_question_trial: text = 'I would never break a law, no matter how minor.'
58.9468 	EXP 	slider_eq_trial: markerPos = None
58.9468 	EXP 	slider_eq_trial: markerPos = None
58.9468 	EXP 	slider_eq_trial: rating = None
58.9468 	EXP 	text_eq_question_trial: autoDraw = True
58.9468 	EXP 	slider_eq_trial: autoDraw = True
61.7199 	DATA 	Mouse: Left button down, pos=(970,326)
61.7469 	EXP 	slider_eq_trial: markerPos = 1.9607142857142859
61.7660 	EXP 	slider_eq_trial: markerPos = 1.9607142857142859
61.7851 	EXP 	slider_eq_trial: markerPos = 1.9607142857142859
61.8140 	EXP 	slider_eq_trial: markerPos = 1.9607142857142859
61.8332 	EXP 	slider_eq_trial: markerPos = 1.9607142857142859
61.8390 	DATA 	Mouse:  Left button up, pos=(969,326)
61.8640 	EXP 	slider_eq_trial: markerPos = 1.9607142857142859
61.8833 	EXP 	slider_eq_trial: markerPos = 2.0
61.8833 	EXP 	slider_eq_trial: rating = 2.0
61.8851 	EXP 	New trial (rep=0, index=13): OrderedDict([('item_num', 14), ('item', 'I often find it difficult to judge if something is rude or polite.'), ('is_test_item', 1), ('is_distractor', 0), ('is_agree_score', 0), ('is_disagree_score', 1)])
61.9141 	EXP 	text_eq_question_trial: autoDraw = False
61.9141 	EXP 	slider_eq_trial: autoDraw = False
61.9141 	EXP 	text_eq_question_trial: text = 'I often find it difficult to judge if something is rude or polite.'
61.9141 	EXP 	slider_eq_trial: markerPos = None
61.9141 	EXP 	slider_eq_trial: markerPos = None
61.9141 	EXP 	slider_eq_trial: rating = None
61.9141 	EXP 	text_eq_question_trial: autoDraw = True
61.9141 	EXP 	slider_eq_trial: autoDraw = True
66.6178 	DATA 	Mouse: Left button down, pos=(969,326)
66.6355 	EXP 	slider_eq_trial: markerPos = 1.9607142857142859
66.6639 	EXP 	slider_eq_trial: markerPos = 1.9607142857142859
66.6831 	EXP 	slider_eq_trial: markerPos = 1.9607142857142859
66.7014 	EXP 	slider_eq_trial: markerPos = 1.9607142857142859
66.7302 	EXP 	slider_eq_trial: markerPos = 1.9607142857142859
66.7488 	EXP 	slider_eq_trial: markerPos = 1.9607142857142859
66.7682 	EXP 	slider_eq_trial: markerPos = 1.9607142857142859
66.7971 	EXP 	slider_eq_trial: markerPos = 1.9607142857142859
66.7989 	DATA 	Mouse:  Left button up, pos=(969,326)
66.8173 	EXP 	slider_eq_trial: markerPos = 2.0
66.8173 	EXP 	slider_eq_trial: rating = 2.0
66.8190 	EXP 	New trial (rep=0, index=14): OrderedDict([('item_num', 15), ('item', 'In a conversation, I tend to focus on my own thoughts rather than on what \n  my listener might be thinking.'), ('is_test_item', 1), ('is_distractor', 0), ('is_agree_score', 0), ('is_disagree_score', 1)])
66.8471 	EXP 	text_eq_question_trial: autoDraw = False
66.8471 	EXP 	slider_eq_trial: autoDraw = False
66.8471 	EXP 	text_eq_question_trial: text = 'In a conversation, I tend to focus on my own thoughts rather than on what \n  my listener might be thinking.'
66.8471 	EXP 	slider_eq_trial: markerPos = None
66.8471 	EXP 	slider_eq_trial: markerPos = None
66.8471 	EXP 	slider_eq_trial: rating = None
66.8471 	EXP 	text_eq_question_trial: autoDraw = True
66.8471 	EXP 	slider_eq_trial: autoDraw = True
72.7028 	DATA 	Mouse: Left button down, pos=(969,327)
72.8313 	DATA 	Mouse:  Left button up, pos=(969,327)
73.9674 	DATA 	Mouse: Left button down, pos=(977,310)
73.9968 	EXP 	slider_eq_trial: markerPos = 1.9892857142857143
74.0172 	EXP 	slider_eq_trial: markerPos = 1.9892857142857143
74.0469 	EXP 	slider_eq_trial: markerPos = 1.9892857142857143
74.0673 	EXP 	slider_eq_trial: markerPos = 1.9892857142857143
74.0969 	EXP 	slider_eq_trial: markerPos = 1.9892857142857143
74.0988 	DATA 	Mouse:  Left button up, pos=(977,310)
74.1171 	EXP 	slider_eq_trial: markerPos = 2.0
74.1171 	EXP 	slider_eq_trial: rating = 2.0
74.1188 	EXP 	New trial (rep=0, index=15): OrderedDict([('item_num', 16), ('item', 'I prefer practical jokes to verbal humor.'), ('is_test_item', 0), ('is_distractor', 1), ('is_agree_score', 0), ('is_disagree_score', 0)])
74.1469 	EXP 	text_eq_question_trial: autoDraw = False
74.1469 	EXP 	slider_eq_trial: autoDraw = False
74.1469 	EXP 	text_eq_question_trial: text = 'I prefer practical jokes to verbal humor.'
74.1469 	EXP 	slider_eq_trial: markerPos = None
74.1469 	EXP 	slider_eq_trial: markerPos = None
74.1469 	EXP 	slider_eq_trial: rating = None
74.1469 	EXP 	text_eq_question_trial: autoDraw = True
74.1469 	EXP 	slider_eq_trial: autoDraw = True
78.7656 	DATA 	Mouse: Left button down, pos=(978,313)
78.7840 	EXP 	slider_eq_trial: markerPos = 1.9928571428571429
78.8133 	EXP 	slider_eq_trial: markerPos = 1.9928571428571429
78.8328 	EXP 	slider_eq_trial: markerPos = 1.9928571428571429
78.8513 	EXP 	slider_eq_trial: markerPos = 1.9928571428571429
78.8529 	DATA 	Mouse:  Left button up, pos=(978,313)
78.8802 	EXP 	slider_eq_trial: markerPos = 2.0
78.8802 	EXP 	slider_eq_trial: rating = 2.0
78.8821 	EXP 	New trial (rep=0, index=16): OrderedDict([('item_num', 17), ('item', 'I live life for today rather than the future.'), ('is_test_item', 0), ('is_distractor', 1), ('is_agree_score', 0), ('is_disagree_score', 0)])
78.9135 	EXP 	text_eq_question_trial: autoDraw = False
78.9135 	EXP 	slider_eq_trial: autoDraw = False
78.9135 	EXP 	text_eq_question_trial: text = 'I live life for today rather than the future.'
78.9135 	EXP 	slider_eq_trial: markerPos = None
78.9135 	EXP 	slider_eq_trial: markerPos = None
78.9135 	EXP 	slider_eq_trial: rating = None
78.9135 	EXP 	text_eq_question_trial: autoDraw = True
78.9135 	EXP 	slider_eq_trial: autoDraw = True
82.6891 	DATA 	Mouse: Left button down, pos=(702,311)
82.7332 	EXP 	slider_eq_trial: markerPos = 1.0071428571428571
82.7634 	EXP 	slider_eq_trial: markerPos = 1.0071428571428571
82.7827 	EXP 	slider_eq_trial: markerPos = 1.0071428571428571
82.8131 	EXP 	slider_eq_trial: markerPos = 1.0071428571428571
82.8319 	EXP 	slider_eq_trial: markerPos = 1.0071428571428571
82.8516 	EXP 	slider_eq_trial: markerPos = 1.0071428571428571
82.8535 	DATA 	Mouse:  Left button up, pos=(702,311)
82.8797 	EXP 	slider_eq_trial: markerPos = 1.0
82.8797 	EXP 	slider_eq_trial: rating = 1.0
82.8811 	EXP 	New trial (rep=0, index=17): OrderedDict([('item_num', 18), ('item', 'When I was a child, I enjoyed cutting up worms to see what would happen.'), ('is_test_item', 1), ('is_distractor', 0), ('is_agree_score', 0), ('is_disagree_score', 1)])
82.9135 	EXP 	text_eq_question_trial: autoDraw = False
82.9135 	EXP 	slider_eq_trial: autoDraw = False
82.9135 	EXP 	text_eq_question_trial: text = 'When I was a child, I enjoyed cutting up worms to see what would happen.'
82.9135 	EXP 	slider_eq_trial: markerPos = None
82.9135 	EXP 	slider_eq_trial: markerPos = None
82.9135 	EXP 	slider_eq_trial: rating = None
82.9135 	EXP 	text_eq_question_trial: autoDraw = True
82.9135 	EXP 	slider_eq_trial: autoDraw = True
88.9170 	DATA 	Mouse: Left button down, pos=(1254,305)
88.9346 	EXP 	slider_eq_trial: markerPos = 2.9785714285714286
88.9632 	EXP 	slider_eq_trial: markerPos = 2.9785714285714286
88.9827 	EXP 	slider_eq_trial: markerPos = 2.9785714285714286
88.9846 	DATA 	Mouse:  Left button up, pos=(1254,305)
89.0132 	EXP 	slider_eq_trial: markerPos = 3.0
89.0132 	EXP 	slider_eq_trial: rating = 3.0
89.0149 	EXP 	New trial (rep=0, index=18): OrderedDict([('item_num', 19), ('item', 'I can pick up quickly if someone says one thing but means another.'), ('is_test_item', 1), ('is_distractor', 0), ('is_agree_score', 1), ('is_disagree_score', 0)])
89.0461 	EXP 	text_eq_question_trial: autoDraw = False
89.0461 	EXP 	slider_eq_trial: autoDraw = False
89.0461 	EXP 	text_eq_question_trial: text = 'I can pick up quickly if someone says one thing but means another.'
89.0461 	EXP 	slider_eq_trial: markerPos = None
89.0461 	EXP 	slider_eq_trial: markerPos = None
89.0461 	EXP 	slider_eq_trial: rating = None
89.0461 	EXP 	text_eq_question_trial: autoDraw = True
89.0461 	EXP 	slider_eq_trial: autoDraw = True
94.2234 	DATA 	Mouse: Left button down, pos=(701,319)
94.2657 	EXP 	slider_eq_trial: markerPos = 1.0035714285714286
94.2960 	EXP 	slider_eq_trial: markerPos = 1.0035714285714286
94.3156 	EXP 	slider_eq_trial: markerPos = 1.0035714285714286
94.3460 	EXP 	slider_eq_trial: markerPos = 1.0035714285714286
94.3480 	DATA 	Mouse:  Left button up, pos=(701,318)
94.3667 	EXP 	slider_eq_trial: markerPos = 1.0
94.3667 	EXP 	slider_eq_trial: rating = 1.0
94.3684 	EXP 	New trial (rep=0, index=19): OrderedDict([('item_num', 20), ('item', 'I tend to have very strong opinions about morality.'), ('is_test_item', 0), ('is_distractor', 1), ('is_agree_score', 0), ('is_disagree_score', 0)])
94.3961 	EXP 	text_eq_question_trial: autoDraw = False
94.3961 	EXP 	slider_eq_trial: autoDraw = False
94.3961 	EXP 	text_eq_question_trial: text = 'I tend to have very strong opinions about morality.'
94.3961 	EXP 	slider_eq_trial: markerPos = None
94.3961 	EXP 	slider_eq_trial: markerPos = None
94.3961 	EXP 	slider_eq_trial: rating = None
94.3961 	EXP 	text_eq_question_trial: autoDraw = True
94.3961 	EXP 	slider_eq_trial: autoDraw = True
98.1866 	DATA 	Mouse: Left button down, pos=(688,314)
98.2295 	EXP 	slider_eq_trial: markerPos = 0.9571428571428571
98.2488 	EXP 	slider_eq_trial: markerPos = 0.9571428571428571
98.2671 	EXP 	slider_eq_trial: markerPos = 0.9571428571428571
98.2957 	EXP 	slider_eq_trial: markerPos = 0.9571428571428571
98.3167 	EXP 	slider_eq_trial: markerPos = 0.9571428571428571
98.3460 	EXP 	slider_eq_trial: markerPos = 0.9571428571428571
98.3479 	DATA 	Mouse:  Left button up, pos=(688,314)
98.3659 	EXP 	slider_eq_trial: markerPos = 1.0
98.3659 	EXP 	slider_eq_trial: rating = 1.0
98.3676 	EXP 	New trial (rep=0, index=20): OrderedDict([('item_num', 21), ('item', 'It is hard for me to see why some things upset people so much.'), ('is_test_item', 1), ('is_distractor', 0), ('is_agree_score', 0), ('is_disagree_score', 1)])
98.3961 	EXP 	text_eq_question_trial: autoDraw = False
98.3961 	EXP 	slider_eq_trial: autoDraw = False
98.3961 	EXP 	text_eq_question_trial: text = 'It is hard for me to see why some things upset people so much.'
98.3961 	EXP 	slider_eq_trial: markerPos = None
98.3961 	EXP 	slider_eq_trial: markerPos = None
98.3961 	EXP 	slider_eq_trial: rating = None
98.3961 	EXP 	text_eq_question_trial: autoDraw = True
98.3961 	EXP 	slider_eq_trial: autoDraw = True
104.9487 	DATA 	Mouse: Left button down, pos=(687,314)
104.9667 	EXP 	slider_eq_trial: markerPos = 0.9535714285714285
104.9958 	EXP 	slider_eq_trial: markerPos = 0.9535714285714285
105.0144 	EXP 	slider_eq_trial: markerPos = 0.9535714285714285
105.0343 	EXP 	slider_eq_trial: markerPos = 0.9535714285714285
105.0623 	EXP 	slider_eq_trial: markerPos = 0.9535714285714285
105.0810 	EXP 	slider_eq_trial: markerPos = 0.9535714285714285
105.0826 	DATA 	Mouse:  Left button up, pos=(687,314)
105.1004 	EXP 	slider_eq_trial: markerPos = 1.0
105.1004 	EXP 	slider_eq_trial: rating = 1.0
105.1021 	EXP 	New trial (rep=0, index=21): OrderedDict([('item_num', 22), ('item', 'I find it easy to put myself in somebody else’s shoes.'), ('is_test_item', 1), ('is_distractor', 0), ('is_agree_score', 1), ('is_disagree_score', 0)])
105.1293 	EXP 	text_eq_question_trial: autoDraw = False
105.1293 	EXP 	slider_eq_trial: autoDraw = False
105.1293 	EXP 	text_eq_question_trial: text = 'I find it easy to put myself in somebody else’s shoes.'
105.1293 	EXP 	slider_eq_trial: markerPos = None
105.1293 	EXP 	slider_eq_trial: markerPos = None
105.1293 	EXP 	slider_eq_trial: rating = None
105.1293 	EXP 	text_eq_question_trial: autoDraw = True
105.1293 	EXP 	slider_eq_trial: autoDraw = True
109.7476 	DATA 	Mouse: Left button down, pos=(675,318)
109.7662 	EXP 	slider_eq_trial: markerPos = 0.9107142857142858
109.7955 	EXP 	slider_eq_trial: markerPos = 0.9107142857142858
109.8148 	EXP 	slider_eq_trial: markerPos = 0.9107142857142858
109.8337 	EXP 	slider_eq_trial: markerPos = 0.9107142857142858
109.8624 	EXP 	slider_eq_trial: markerPos = 0.9107142857142858
109.8644 	DATA 	Mouse:  Left button up, pos=(675,318)
109.8836 	EXP 	slider_eq_trial: markerPos = 1.0
109.8836 	EXP 	slider_eq_trial: rating = 1.0
109.8852 	EXP 	New trial (rep=0, index=22): OrderedDict([('item_num', 23), ('item', 'I think that good manners are the most important thing a parent can teach \n  their child.'), ('is_test_item', 0), ('is_distractor', 1), ('is_agree_score', 0), ('is_disagree_score', 0)])
109.9125 	EXP 	text_eq_question_trial: autoDraw = False
109.9125 	EXP 	slider_eq_trial: autoDraw = False
109.9125 	EXP 	text_eq_question_trial: text = 'I think that good manners are the most important thing a parent can teach \n  their child.'
109.9125 	EXP 	slider_eq_trial: markerPos = None
109.9125 	EXP 	slider_eq_trial: markerPos = None
109.9125 	EXP 	slider_eq_trial: rating = None
109.9125 	EXP 	text_eq_question_trial: autoDraw = True
109.9125 	EXP 	slider_eq_trial: autoDraw = True
115.1993 	DATA 	Mouse: Left button down, pos=(675,318)
115.2177 	EXP 	slider_eq_trial: markerPos = 0.9107142857142858
115.2453 	EXP 	slider_eq_trial: markerPos = 0.9107142857142858
115.2644 	EXP 	slider_eq_trial: markerPos = 0.9107142857142858
115.2833 	EXP 	slider_eq_trial: markerPos = 0.9107142857142858
115.3125 	EXP 	slider_eq_trial: markerPos = 0.9107142857142858
115.3334 	EXP 	slider_eq_trial: markerPos = 0.9107142857142858
115.3349 	DATA 	Mouse:  Left button up, pos=(675,318)
115.3622 	EXP 	slider_eq_trial: markerPos = 1.0
115.3622 	EXP 	slider_eq_trial: rating = 1.0
115.3640 	EXP 	New trial (rep=0, index=23): OrderedDict([('item_num', 24), ('item', 'I like to do things on the spur of the moment.'), ('is_test_item', 0), ('is_distractor', 1), ('is_agree_score', 0), ('is_disagree_score', 0)])
115.3953 	EXP 	text_eq_question_trial: autoDraw = False
115.3953 	EXP 	slider_eq_trial: autoDraw = False
115.3953 	EXP 	text_eq_question_trial: text = 'I like to do things on the spur of the moment.'
115.3953 	EXP 	slider_eq_trial: markerPos = None
115.3953 	EXP 	slider_eq_trial: markerPos = None
115.3953 	EXP 	slider_eq_trial: rating = None
115.3953 	EXP 	text_eq_question_trial: autoDraw = True
115.3953 	EXP 	slider_eq_trial: autoDraw = True
118.6170 	DATA 	Mouse: Left button down, pos=(699,328)
118.7346 	DATA 	Mouse:  Left button up, pos=(699,328)
119.3466 	DATA 	Mouse: Left button down, pos=(699,325)
119.3651 	EXP 	slider_eq_trial: markerPos = 0.9964285714285716
119.3952 	EXP 	slider_eq_trial: markerPos = 0.9964285714285716
119.4147 	EXP 	slider_eq_trial: markerPos = 0.9964285714285716
119.4452 	EXP 	slider_eq_trial: markerPos = 0.9964285714285716
119.4647 	EXP 	slider_eq_trial: markerPos = 0.9964285714285716
119.4665 	DATA 	Mouse:  Left button up, pos=(699,325)
119.4952 	EXP 	slider_eq_trial: markerPos = 1.0
119.4952 	EXP 	slider_eq_trial: rating = 1.0
119.4969 	EXP 	New trial (rep=0, index=24): OrderedDict([('item_num', 25), ('item', 'I am good at predicting how someone will feel.'), ('is_test_item', 1), ('is_distractor', 0), ('is_agree_score', 1), ('is_disagree_score', 0)])
119.5290 	EXP 	text_eq_question_trial: autoDraw = False
119.5290 	EXP 	slider_eq_trial: autoDraw = False
119.5290 	EXP 	text_eq_question_trial: text = 'I am good at predicting how someone will feel.'
119.5290 	EXP 	slider_eq_trial: markerPos = None
119.5290 	EXP 	slider_eq_trial: markerPos = None
119.5290 	EXP 	slider_eq_trial: rating = None
119.5290 	EXP 	text_eq_question_trial: autoDraw = True
119.5290 	EXP 	slider_eq_trial: autoDraw = True
122.7972 	DATA 	Mouse: Left button down, pos=(987,314)
122.8161 	EXP 	slider_eq_trial: markerPos = 2.0250000000000004
122.8450 	EXP 	slider_eq_trial: markerPos = 2.0250000000000004
122.8649 	EXP 	slider_eq_trial: markerPos = 2.0250000000000004
122.8666 	DATA 	Mouse:  Left button up, pos=(987,314)
122.8951 	EXP 	slider_eq_trial: markerPos = 2.0
122.8951 	EXP 	slider_eq_trial: rating = 2.0
122.8969 	EXP 	New trial (rep=0, index=25): OrderedDict([('item_num', 26), ('item', 'I am quick to spot when someone in a group is feeling awkward or \n  uncomfortable.'), ('is_test_item', 1), ('is_distractor', 0), ('is_agree_score', 1), ('is_disagree_score', 0)])
122.9288 	EXP 	text_eq_question_trial: autoDraw = False
122.9288 	EXP 	slider_eq_trial: autoDraw = False
122.9288 	EXP 	text_eq_question_trial: text = 'I am quick to spot when someone in a group is feeling awkward or \n  uncomfortable.'
122.9288 	EXP 	slider_eq_trial: markerPos = None
122.9288 	EXP 	slider_eq_trial: markerPos = None
122.9288 	EXP 	slider_eq_trial: rating = None
122.9288 	EXP 	text_eq_question_trial: autoDraw = True
122.9288 	EXP 	slider_eq_trial: autoDraw = True
127.2832 	DATA 	Mouse: Left button down, pos=(441,301)
127.4160 	DATA 	Mouse:  Left button up, pos=(441,301)
127.9469 	DATA 	Mouse: Left button down, pos=(421,309)
127.9654 	EXP 	slider_eq_trial: markerPos = 0.0035714285714287253
127.9950 	EXP 	slider_eq_trial: markerPos = 0.0035714285714287253
128.0152 	EXP 	slider_eq_trial: markerPos = 0.0035714285714287253
128.0448 	EXP 	slider_eq_trial: markerPos = 0.0035714285714287253
128.0635 	EXP 	slider_eq_trial: markerPos = 0.0035714285714287253
128.0651 	DATA 	Mouse:  Left button up, pos=(421,309)
128.0830 	EXP 	slider_eq_trial: markerPos = 0.0
128.0830 	EXP 	slider_eq_trial: rating = 0.0
128.0842 	EXP 	New trial (rep=0, index=26): OrderedDict([('item_num', 27), ('item', 'If I say something that someone else is offended by, I think that that’s \n  their problem, not mine.'), ('is_test_item', 1), ('is_distractor', 0), ('is_agree_score', 0), ('is_disagree_score', 1)])
128.1118 	EXP 	text_eq_question_trial: autoDraw = False
128.1118 	EXP 	slider_eq_trial: autoDraw = False
128.1118 	EXP 	text_eq_question_trial: text = 'If I say something that someone else is offended by, I think that that’s \n  their problem, not mine.'
128.1118 	EXP 	slider_eq_trial: markerPos = None
128.1118 	EXP 	slider_eq_trial: markerPos = None
128.1118 	EXP 	slider_eq_trial: rating = None
128.1118 	EXP 	text_eq_question_trial: autoDraw = True
128.1118 	EXP 	slider_eq_trial: autoDraw = True
134.6997 	DATA 	Mouse: Left button down, pos=(977,312)
134.7285 	EXP 	slider_eq_trial: markerPos = 1.9892857142857143
134.7481 	EXP 	slider_eq_trial: markerPos = 1.9892857142857143
134.7785 	EXP 	slider_eq_trial: markerPos = 1.9892857142857143
134.7981 	EXP 	slider_eq_trial: markerPos = 1.9892857142857143
134.7996 	DATA 	Mouse:  Left button up, pos=(977,312)
134.8285 	EXP 	slider_eq_trial: markerPos = 2.0
134.8285 	EXP 	slider_eq_trial: rating = 2.0
134.8304 	EXP 	New trial (rep=0, index=27): OrderedDict([('item_num', 28), ('item', 'If anyone asked me if I liked their haircut, I would reply truthfully, even \n  if I didn’t like it.'), ('is_test_item', 1), ('is_distractor', 0), ('is_agree_score', 0), ('is_disagree_score', 1)])
134.8616 	EXP 	text_eq_question_trial: autoDraw = False
134.8616 	EXP 	slider_eq_trial: autoDraw = False
134.8616 	EXP 	text_eq_question_trial: text = 'If anyone asked me if I liked their haircut, I would reply truthfully, even \n  if I didn’t like it.'
134.8616 	EXP 	slider_eq_trial: markerPos = None
134.8616 	EXP 	slider_eq_trial: markerPos = None
134.8616 	EXP 	slider_eq_trial: rating = None
134.8616 	EXP 	text_eq_question_trial: autoDraw = True
134.8616 	EXP 	slider_eq_trial: autoDraw = True
140.2970 	DATA 	Mouse: Left button down, pos=(700,321)
140.3158 	EXP 	slider_eq_trial: markerPos = 1.0
140.3449 	EXP 	slider_eq_trial: markerPos = 1.0
140.3653 	EXP 	slider_eq_trial: markerPos = 1.0
140.3949 	EXP 	slider_eq_trial: markerPos = 1.0
140.4140 	EXP 	slider_eq_trial: markerPos = 1.0
140.4448 	EXP 	slider_eq_trial: markerPos = 1.0
140.4468 	DATA 	Mouse:  Left button up, pos=(700,321)
140.4649 	EXP 	slider_eq_trial: markerPos = 1.0
140.4649 	EXP 	slider_eq_trial: rating = 1.0
140.4666 	EXP 	New trial (rep=0, index=28): OrderedDict([('item_num', 29), ('item', 'I can’t always see why someone should have felt offended by a remark.'), ('is_test_item', 1), ('is_distractor', 0), ('is_agree_score', 0), ('is_disagree_score', 1)])
140.4946 	EXP 	text_eq_question_trial: autoDraw = False
140.4946 	EXP 	slider_eq_trial: autoDraw = False
140.4946 	EXP 	text_eq_question_trial: text = 'I can’t always see why someone should have felt offended by a remark.'
140.4946 	EXP 	slider_eq_trial: markerPos = None
140.4946 	EXP 	slider_eq_trial: markerPos = None
140.4946 	EXP 	slider_eq_trial: rating = None
140.4946 	EXP 	text_eq_question_trial: autoDraw = True
140.4946 	EXP 	slider_eq_trial: autoDraw = True
146.8964 	DATA 	Mouse: Left button down, pos=(979,312)
146.9153 	EXP 	slider_eq_trial: markerPos = 1.9964285714285714
146.9444 	EXP 	slider_eq_trial: markerPos = 1.9964285714285714
146.9637 	EXP 	slider_eq_trial: markerPos = 1.9964285714285714
146.9943 	EXP 	slider_eq_trial: markerPos = 1.9964285714285714
146.9962 	DATA 	Mouse:  Left button up, pos=(979,312)
147.0147 	EXP 	slider_eq_trial: markerPos = 2.0
147.0147 	EXP 	slider_eq_trial: rating = 2.0
147.0165 	EXP 	New trial (rep=0, index=29): OrderedDict([('item_num', 30), ('item', 'People often tell me that I am very unpredictable.'), ('is_test_item', 0), ('is_distractor', 1), ('is_agree_score', 0), ('is_disagree_score', 0)])
147.0444 	EXP 	text_eq_question_trial: autoDraw = False
147.0444 	EXP 	slider_eq_trial: autoDraw = False
147.0444 	EXP 	text_eq_question_trial: text = 'People often tell me that I am very unpredictable.'
147.0444 	EXP 	slider_eq_trial: markerPos = None
147.0444 	EXP 	slider_eq_trial: markerPos = None
147.0444 	EXP 	slider_eq_trial: rating = None
147.0444 	EXP 	text_eq_question_trial: autoDraw = True
147.0444 	EXP 	slider_eq_trial: autoDraw = True
150.3462 	DATA 	Mouse: Left button down, pos=(1252,318)
150.3637 	EXP 	slider_eq_trial: markerPos = 2.9714285714285715
150.3946 	EXP 	slider_eq_trial: markerPos = 2.9714285714285715
150.4139 	EXP 	slider_eq_trial: markerPos = 2.9714285714285715
150.4445 	EXP 	slider_eq_trial: markerPos = 2.9714285714285715
150.4636 	EXP 	slider_eq_trial: markerPos = 2.9714285714285715
150.4706 	DATA 	Mouse:  Left button up, pos=(1252,318)
150.4945 	EXP 	slider_eq_trial: markerPos = 2.9714285714285715
150.5143 	EXP 	slider_eq_trial: markerPos = 3.0
150.5143 	EXP 	slider_eq_trial: rating = 3.0
150.5158 	EXP 	New trial (rep=0, index=30): OrderedDict([('item_num', 31), ('item', 'I enjoy being the center of attention at any social gathering.'), ('is_test_item', 0), ('is_distractor', 1), ('is_agree_score', 0), ('is_disagree_score', 0)])
150.5445 	EXP 	text_eq_question_trial: autoDraw = False
150.5445 	EXP 	slider_eq_trial: autoDraw = False
150.5445 	EXP 	text_eq_question_trial: text = 'I enjoy being the center of attention at any social gathering.'
150.5445 	EXP 	slider_eq_trial: markerPos = None
150.5445 	EXP 	slider_eq_trial: markerPos = None
150.5445 	EXP 	slider_eq_trial: rating = None
150.5445 	EXP 	text_eq_question_trial: autoDraw = True
150.5445 	EXP 	slider_eq_trial: autoDraw = True
153.4461 	DATA 	Mouse: Left button down, pos=(973,321)
153.4642 	EXP 	slider_eq_trial: markerPos = 1.9785714285714286
153.4945 	EXP 	slider_eq_trial: markerPos = 1.9785714285714286
153.5140 	EXP 	slider_eq_trial: markerPos = 1.9785714285714286
153.5445 	EXP 	slider_eq_trial: markerPos = 1.9785714285714286
153.5651 	EXP 	slider_eq_trial: markerPos = 1.9785714285714286
153.5672 	DATA 	Mouse:  Left button up, pos=(974,321)
153.5945 	EXP 	slider_eq_trial: markerPos = 2.0
153.5945 	EXP 	slider_eq_trial: rating = 2.0
153.5962 	EXP 	New trial (rep=0, index=31): OrderedDict([('item_num', 32), ('item', 'Seeing people cry doesn’t really upset me.'), ('is_test_item', 1), ('is_distractor', 0), ('is_agree_score', 0), ('is_disagree_score', 1)])
153.6277 	EXP 	text_eq_question_trial: autoDraw = False
153.6277 	EXP 	slider_eq_trial: autoDraw = False
153.6277 	EXP 	text_eq_question_trial: text = 'Seeing people cry doesn’t really upset me.'
153.6277 	EXP 	slider_eq_trial: markerPos = None
153.6277 	EXP 	slider_eq_trial: markerPos = None
153.6277 	EXP 	slider_eq_trial: rating = None
153.6277 	EXP 	text_eq_question_trial: autoDraw = True
153.6277 	EXP 	slider_eq_trial: autoDraw = True
157.7979 	DATA 	Mouse: Left button down, pos=(990,315)
157.8161 	EXP 	slider_eq_trial: markerPos = 2.0357142857142856
157.8441 	EXP 	slider_eq_trial: markerPos = 2.0357142857142856
157.8636 	EXP 	slider_eq_trial: markerPos = 2.0357142857142856
157.8940 	EXP 	slider_eq_trial: markerPos = 2.0357142857142856
157.9135 	EXP 	slider_eq_trial: markerPos = 2.0357142857142856
157.9440 	EXP 	slider_eq_trial: markerPos = 2.0357142857142856
157.9459 	DATA 	Mouse:  Left button up, pos=(990,315)
157.9643 	EXP 	slider_eq_trial: markerPos = 2.0
157.9643 	EXP 	slider_eq_trial: rating = 2.0
157.9660 	EXP 	New trial (rep=0, index=32): OrderedDict([('item_num', 33), ('item', 'I enjoy having discussions about politics.'), ('is_test_item', 0), ('is_distractor', 1), ('is_agree_score', 0), ('is_disagree_score', 0)])
157.9941 	EXP 	text_eq_question_trial: autoDraw = False
157.9941 	EXP 	slider_eq_trial: autoDraw = False
157.9941 	EXP 	text_eq_question_trial: text = 'I enjoy having discussions about politics.'
157.9941 	EXP 	slider_eq_trial: markerPos = None
157.9941 	EXP 	slider_eq_trial: markerPos = None
157.9941 	EXP 	slider_eq_trial: rating = None
157.9941 	EXP 	text_eq_question_trial: autoDraw = True
157.9941 	EXP 	slider_eq_trial: autoDraw = True
160.2459 	DATA 	Mouse: Left button down, pos=(701,327)
160.4127 	DATA 	Mouse:  Left button up, pos=(701,327)
160.9664 	DATA 	Mouse: Left button down, pos=(700,316)
160.9943 	EXP 	slider_eq_trial: markerPos = 1.0
161.0147 	EXP 	slider_eq_trial: markerPos = 1.0
161.0443 	EXP 	slider_eq_trial: markerPos = 1.0
161.0639 	EXP 	slider_eq_trial: markerPos = 1.0
161.0943 	EXP 	slider_eq_trial: markerPos = 1.0
161.1140 	EXP 	slider_eq_trial: markerPos = 1.0
161.1156 	DATA 	Mouse:  Left button up, pos=(700,316)
161.1443 	EXP 	slider_eq_trial: markerPos = 1.0
161.1443 	EXP 	slider_eq_trial: rating = 1.0
161.1459 	EXP 	New trial (rep=0, index=33): OrderedDict([('item_num', 34), ('item', 'I am very blunt, which some people take to be rudeness, even though this is \n  unintentional.'), ('is_test_item', 1), ('is_distractor', 0), ('is_agree_score', 0), ('is_disagree_score', 1)])
161.1774 	EXP 	text_eq_question_trial: autoDraw = False
161.1774 	EXP 	slider_eq_trial: autoDraw = False
161.1774 	EXP 	text_eq_question_trial: text = 'I am very blunt, which some people take to be rudeness, even though this is \n  unintentional.'
161.1774 	EXP 	slider_eq_trial: markerPos = None
161.1774 	EXP 	slider_eq_trial: markerPos = None
161.1774 	EXP 	slider_eq_trial: rating = None
161.1774 	EXP 	text_eq_question_trial: autoDraw = True
161.1774 	EXP 	slider_eq_trial: autoDraw = True
171.8131 	DATA 	Mouse: Left button down, pos=(977,307)
171.8442 	EXP 	slider_eq_trial: markerPos = 1.9892857142857143
171.8652 	EXP 	slider_eq_trial: markerPos = 1.9892857142857143
171.8941 	EXP 	slider_eq_trial: markerPos = 1.9892857142857143
171.9145 	EXP 	slider_eq_trial: markerPos = 1.9892857142857143
171.9212 	DATA 	Mouse:  Left button up, pos=(977,307)
171.9441 	EXP 	slider_eq_trial: markerPos = 1.9892857142857143
171.9652 	EXP 	slider_eq_trial: markerPos = 2.0
171.9652 	EXP 	slider_eq_trial: rating = 2.0
171.9666 	EXP 	New trial (rep=0, index=34): OrderedDict([('item_num', 35), ('item', 'I don’t tend to find social situations confusing.'), ('is_test_item', 1), ('is_distractor', 0), ('is_agree_score', 1), ('is_disagree_score', 0)])
171.9940 	EXP 	text_eq_question_trial: autoDraw = False
171.9940 	EXP 	slider_eq_trial: autoDraw = False
171.9940 	EXP 	text_eq_question_trial: text = 'I don’t tend to find social situations confusing.'
171.9940 	EXP 	slider_eq_trial: markerPos = None
171.9940 	EXP 	slider_eq_trial: markerPos = None
171.9940 	EXP 	slider_eq_trial: rating = None
171.9940 	EXP 	text_eq_question_trial: autoDraw = True
171.9940 	EXP 	slider_eq_trial: autoDraw = True
177.6996 	DATA 	Mouse: Left button down, pos=(684,309)
177.7270 	EXP 	slider_eq_trial: markerPos = 0.9428571428571428
177.7475 	EXP 	slider_eq_trial: markerPos = 0.9428571428571428
177.7771 	EXP 	slider_eq_trial: markerPos = 0.9428571428571428
177.7981 	EXP 	slider_eq_trial: markerPos = 0.9428571428571428
177.8269 	EXP 	slider_eq_trial: markerPos = 0.9428571428571428
177.8477 	EXP 	slider_eq_trial: markerPos = 0.9428571428571428
177.8496 	DATA 	Mouse:  Left button up, pos=(684,309)
177.8771 	EXP 	slider_eq_trial: markerPos = 1.0
177.8771 	EXP 	slider_eq_trial: rating = 1.0
177.8784 	EXP 	New trial (rep=0, index=35): OrderedDict([('item_num', 36), ('item', 'Other people tell me I am good at understanding how they are feeling and \n  what they are thinking.'), ('is_test_item', 1), ('is_distractor', 0), ('is_agree_score', 1), ('is_disagree_score', 0)])
177.9106 	EXP 	text_eq_question_trial: autoDraw = False
177.9106 	EXP 	slider_eq_trial: autoDraw = False
177.9106 	EXP 	text_eq_question_trial: text = 'Other people tell me I am good at understanding how they are feeling and \n  what they are thinking.'
177.9106 	EXP 	slider_eq_trial: markerPos = None
177.9106 	EXP 	slider_eq_trial: markerPos = None
177.9106 	EXP 	slider_eq_trial: rating = None
177.9106 	EXP 	text_eq_question_trial: autoDraw = True
177.9106 	EXP 	slider_eq_trial: autoDraw = True
181.8002 	DATA 	Mouse: Left button down, pos=(684,309)
181.8270 	EXP 	slider_eq_trial: markerPos = 0.9428571428571428
181.8486 	EXP 	slider_eq_trial: markerPos = 0.9428571428571428
181.8770 	EXP 	slider_eq_trial: markerPos = 0.9428571428571428
181.8986 	EXP 	slider_eq_trial: markerPos = 0.9428571428571428
181.9270 	EXP 	slider_eq_trial: markerPos = 0.9428571428571428
181.9475 	EXP 	slider_eq_trial: markerPos = 0.9428571428571428
181.9768 	EXP 	slider_eq_trial: markerPos = 0.9428571428571428
181.9788 	DATA 	Mouse:  Left button up, pos=(684,309)
181.9978 	EXP 	slider_eq_trial: markerPos = 1.0
181.9978 	EXP 	slider_eq_trial: rating = 1.0
181.9996 	EXP 	New trial (rep=0, index=36): OrderedDict([('item_num', 37), ('item', 'When I talk to people, I tend to talk about their experiences rather than \n  my own.'), ('is_test_item', 1), ('is_distractor', 0), ('is_agree_score', 1), ('is_disagree_score', 0)])
182.0267 	EXP 	text_eq_question_trial: autoDraw = False
182.0267 	EXP 	slider_eq_trial: autoDraw = False
182.0267 	EXP 	text_eq_question_trial: text = 'When I talk to people, I tend to talk about their experiences rather than \n  my own.'
182.0267 	EXP 	slider_eq_trial: markerPos = None
182.0267 	EXP 	slider_eq_trial: markerPos = None
182.0267 	EXP 	slider_eq_trial: rating = None
182.0267 	EXP 	text_eq_question_trial: autoDraw = True
182.0267 	EXP 	slider_eq_trial: autoDraw = True
185.4286 	DATA 	Mouse: Left button down, pos=(984,308)
185.4486 	EXP 	slider_eq_trial: markerPos = 2.0142857142857142
185.4767 	EXP 	slider_eq_trial: markerPos = 2.0142857142857142
185.4977 	EXP 	slider_eq_trial: markerPos = 2.0142857142857142
185.5267 	EXP 	slider_eq_trial: markerPos = 2.0142857142857142
185.5340 	DATA 	Mouse:  Left button up, pos=(984,308)
185.5604 	EXP 	slider_eq_trial: markerPos = 2.0142857142857142
185.5814 	EXP 	slider_eq_trial: markerPos = 2.0
185.5814 	EXP 	slider_eq_trial: rating = 2.0
185.5831 	EXP 	New trial (rep=0, index=37): OrderedDict([('item_num', 38), ('item', 'It upsets me to see an animal in pain.'), ('is_test_item', 1), ('is_distractor', 0), ('is_agree_score', 1), ('is_disagree_score', 0)])
185.6102 	EXP 	text_eq_question_trial: autoDraw = False
185.6102 	EXP 	slider_eq_trial: autoDraw = False
185.6102 	EXP 	text_eq_question_trial: text = 'It upsets me to see an animal in pain.'
185.6102 	EXP 	slider_eq_trial: markerPos = None
185.6102 	EXP 	slider_eq_trial: markerPos = None
185.6102 	EXP 	slider_eq_trial: rating = None
185.6102 	EXP 	text_eq_question_trial: autoDraw = True
185.6102 	EXP 	slider_eq_trial: autoDraw = True
188.3881 	DATA 	Mouse: Left button down, pos=(412,310)
188.4312 	EXP 	slider_eq_trial: markerPos = -0.02857142857142847
188.4603 	EXP 	slider_eq_trial: markerPos = -0.02857142857142847
188.4812 	EXP 	slider_eq_trial: markerPos = -0.02857142857142847
188.5103 	EXP 	slider_eq_trial: markerPos = -0.02857142857142847
188.5172 	DATA 	Mouse:  Left button up, pos=(412,310)
188.5312 	EXP 	slider_eq_trial: markerPos = -0.02857142857142847
188.5603 	EXP 	slider_eq_trial: markerPos = 0.0
188.5603 	EXP 	slider_eq_trial: rating = 0.0
188.5620 	EXP 	New trial (rep=0, index=38): OrderedDict([('item_num', 39), ('item', 'I am able to make decisions without being influenced by people’s feelings.'), ('is_test_item', 1), ('is_distractor', 0), ('is_agree_score', 0), ('is_disagree_score', 1)])
188.5933 	EXP 	text_eq_question_trial: autoDraw = False
188.5933 	EXP 	slider_eq_trial: autoDraw = False
188.5933 	EXP 	text_eq_question_trial: text = 'I am able to make decisions without being influenced by people’s feelings.'
188.5933 	EXP 	slider_eq_trial: markerPos = None
188.5933 	EXP 	slider_eq_trial: markerPos = None
188.5933 	EXP 	slider_eq_trial: rating = None
188.5933 	EXP 	text_eq_question_trial: autoDraw = True
188.5933 	EXP 	slider_eq_trial: autoDraw = True
193.6953 	DATA 	Mouse: Left button down, pos=(977,306)
193.7151 	EXP 	slider_eq_trial: markerPos = 1.9892857142857143
193.7432 	EXP 	slider_eq_trial: markerPos = 1.9892857142857143
193.7637 	EXP 	slider_eq_trial: markerPos = 1.9892857142857143
193.7931 	EXP 	slider_eq_trial: markerPos = 1.9892857142857143
193.7952 	DATA 	Mouse:  Left button up, pos=(977,306)
193.8149 	EXP 	slider_eq_trial: markerPos = 2.0
193.8149 	EXP 	slider_eq_trial: rating = 2.0
193.8166 	EXP 	New trial (rep=0, index=39): OrderedDict([('item_num', 40), ('item', 'I can’t relax until I have done everything I had planned to do that day.'), ('is_test_item', 0), ('is_distractor', 1), ('is_agree_score', 0), ('is_disagree_score', 0)])
193.8431 	EXP 	text_eq_question_trial: autoDraw = False
193.8431 	EXP 	slider_eq_trial: autoDraw = False
193.8431 	EXP 	text_eq_question_trial: text = 'I can’t relax until I have done everything I had planned to do that day.'
193.8431 	EXP 	slider_eq_trial: markerPos = None
193.8431 	EXP 	slider_eq_trial: markerPos = None
193.8431 	EXP 	slider_eq_trial: rating = None
193.8431 	EXP 	text_eq_question_trial: autoDraw = True
193.8431 	EXP 	slider_eq_trial: autoDraw = True
197.4955 	DATA 	Mouse: Left button down, pos=(725,311)
197.5140 	EXP 	slider_eq_trial: markerPos = 1.0892857142857144
197.5432 	EXP 	slider_eq_trial: markerPos = 1.0892857142857144
197.5628 	EXP 	slider_eq_trial: markerPos = 1.0892857142857144
197.5933 	EXP 	slider_eq_trial: markerPos = 1.0892857142857144
197.6121 	EXP 	slider_eq_trial: markerPos = 1.0892857142857144
197.6318 	EXP 	slider_eq_trial: markerPos = 1.0892857142857144
197.6338 	DATA 	Mouse:  Left button up, pos=(725,311)
197.6596 	EXP 	slider_eq_trial: markerPos = 1.0
197.6596 	EXP 	slider_eq_trial: rating = 1.0
197.6614 	EXP 	New trial (rep=0, index=40): OrderedDict([('item_num', 41), ('item', 'I can easily tell if someone else is interested or bored with what I am \n  saying.'), ('is_test_item', 1), ('is_distractor', 0), ('is_agree_score', 1), ('is_disagree_score', 0)])
197.6933 	EXP 	text_eq_question_trial: autoDraw = False
197.6933 	EXP 	slider_eq_trial: autoDraw = False
197.6933 	EXP 	text_eq_question_trial: text = 'I can easily tell if someone else is interested or bored with what I am \n  saying.'
197.6933 	EXP 	slider_eq_trial: markerPos = None
197.6933 	EXP 	slider_eq_trial: markerPos = None
197.6933 	EXP 	slider_eq_trial: rating = None
197.6933 	EXP 	text_eq_question_trial: autoDraw = True
197.6933 	EXP 	slider_eq_trial: autoDraw = True
202.3826 	DATA 	Mouse: Left button down, pos=(722,311)
202.4263 	EXP 	slider_eq_trial: markerPos = 1.0785714285714285
202.4467 	EXP 	slider_eq_trial: markerPos = 1.0785714285714285
202.4762 	EXP 	slider_eq_trial: markerPos = 1.0785714285714285
202.4967 	EXP 	slider_eq_trial: markerPos = 1.0785714285714285
202.5263 	EXP 	slider_eq_trial: markerPos = 1.0785714285714285
202.5281 	DATA 	Mouse:  Left button up, pos=(722,311)
202.5475 	EXP 	slider_eq_trial: markerPos = 1.0
202.5475 	EXP 	slider_eq_trial: rating = 1.0
202.5492 	EXP 	New trial (rep=0, index=41): OrderedDict([('item_num', 42), ('item', 'I get upset if I see people suffering on news programmes.'), ('is_test_item', 1), ('is_distractor', 0), ('is_agree_score', 1), ('is_disagree_score', 0)])
202.5764 	EXP 	text_eq_question_trial: autoDraw = False
202.5764 	EXP 	slider_eq_trial: autoDraw = False
202.5764 	EXP 	text_eq_question_trial: text = 'I get upset if I see people suffering on news programmes.'
202.5764 	EXP 	slider_eq_trial: markerPos = None
202.5764 	EXP 	slider_eq_trial: markerPos = None
202.5764 	EXP 	slider_eq_trial: rating = None
202.5764 	EXP 	text_eq_question_trial: autoDraw = True
202.5764 	EXP 	slider_eq_trial: autoDraw = True
205.4619 	DATA 	Mouse: Left button down, pos=(722,311)
205.4929 	EXP 	slider_eq_trial: markerPos = 1.0785714285714285
205.5128 	EXP 	slider_eq_trial: markerPos = 1.0785714285714285
205.5433 	EXP 	slider_eq_trial: markerPos = 1.0785714285714285
205.5634 	EXP 	slider_eq_trial: markerPos = 1.0785714285714285
205.5932 	EXP 	slider_eq_trial: markerPos = 1.0785714285714285
205.5953 	DATA 	Mouse:  Left button up, pos=(722,311)
205.6261 	EXP 	slider_eq_trial: markerPos = 1.0
205.6261 	EXP 	slider_eq_trial: rating = 1.0
205.6280 	EXP 	New trial (rep=0, index=42): OrderedDict([('item_num', 43), ('item', 'Friends usually talk to me about their problems as they say that I am very \n  understanding.'), ('is_test_item', 1), ('is_distractor', 0), ('is_agree_score', 1), ('is_disagree_score', 0)])
205.6599 	EXP 	text_eq_question_trial: autoDraw = False
205.6599 	EXP 	slider_eq_trial: autoDraw = False
205.6599 	EXP 	text_eq_question_trial: text = 'Friends usually talk to me about their problems as they say that I am very \n  understanding.'
205.6599 	EXP 	slider_eq_trial: markerPos = None
205.6599 	EXP 	slider_eq_trial: markerPos = None
205.6599 	EXP 	slider_eq_trial: rating = None
205.6599 	EXP 	text_eq_question_trial: autoDraw = True
205.6599 	EXP 	slider_eq_trial: autoDraw = True
209.2950 	DATA 	Mouse: Left button down, pos=(442,272)
209.3659 	DATA 	Mouse:  Left button up, pos=(442,272)
209.8687 	DATA 	Mouse: Left button down, pos=(424,295)
210.0449 	DATA 	Mouse:  Left button up, pos=(424,295)
210.5621 	DATA 	Mouse: Left button down, pos=(421,308)
210.5799 	EXP 	slider_eq_trial: markerPos = 0.0035714285714287253
210.6092 	EXP 	slider_eq_trial: markerPos = 0.0035714285714287253
210.6285 	EXP 	slider_eq_trial: markerPos = 0.0035714285714287253
210.6470 	EXP 	slider_eq_trial: markerPos = 0.0035714285714287253
210.6758 	EXP 	slider_eq_trial: markerPos = 0.0035714285714287253
210.6970 	EXP 	slider_eq_trial: markerPos = 0.0035714285714287253
210.6990 	DATA 	Mouse:  Left button up, pos=(421,308)
210.7259 	EXP 	slider_eq_trial: markerPos = 0.0
210.7259 	EXP 	slider_eq_trial: rating = 0.0
210.7276 	EXP 	New trial (rep=0, index=43): OrderedDict([('item_num', 44), ('item', 'I can sense if I am intruding, even if the other person doesn’t tell me.'), ('is_test_item', 1), ('is_distractor', 0), ('is_agree_score', 1), ('is_disagree_score', 0)])
210.7595 	EXP 	text_eq_question_trial: autoDraw = False
210.7595 	EXP 	slider_eq_trial: autoDraw = False
210.7595 	EXP 	text_eq_question_trial: text = 'I can sense if I am intruding, even if the other person doesn’t tell me.'
210.7595 	EXP 	slider_eq_trial: markerPos = None
210.7595 	EXP 	slider_eq_trial: markerPos = None
210.7595 	EXP 	slider_eq_trial: rating = None
210.7595 	EXP 	text_eq_question_trial: autoDraw = True
210.7595 	EXP 	slider_eq_trial: autoDraw = True
215.0981 	DATA 	Mouse: Left button down, pos=(684,309)
215.1258 	EXP 	slider_eq_trial: markerPos = 0.9428571428571428
215.1471 	EXP 	slider_eq_trial: markerPos = 0.9428571428571428
215.1758 	EXP 	slider_eq_trial: markerPos = 0.9428571428571428
215.1968 	EXP 	slider_eq_trial: markerPos = 0.9428571428571428
215.2260 	EXP 	slider_eq_trial: markerPos = 0.9428571428571428
215.2281 	DATA 	Mouse:  Left button up, pos=(684,309)
215.2472 	EXP 	slider_eq_trial: markerPos = 1.0
215.2472 	EXP 	slider_eq_trial: rating = 1.0
215.2489 	EXP 	New trial (rep=0, index=44): OrderedDict([('item_num', 45), ('item', 'I often start new hobbies but quickly become bored with them and move on to \n  something else.'), ('is_test_item', 0), ('is_distractor', 1), ('is_agree_score', 0), ('is_disagree_score', 0)])
215.2759 	EXP 	text_eq_question_trial: autoDraw = False
215.2759 	EXP 	slider_eq_trial: autoDraw = False
215.2759 	EXP 	text_eq_question_trial: text = 'I often start new hobbies but quickly become bored with them and move on to \n  something else.'
215.2759 	EXP 	slider_eq_trial: markerPos = None
215.2759 	EXP 	slider_eq_trial: markerPos = None
215.2759 	EXP 	slider_eq_trial: rating = None
215.2759 	EXP 	text_eq_question_trial: autoDraw = True
215.2759 	EXP 	slider_eq_trial: autoDraw = True
219.4962 	DATA 	Mouse: Left button down, pos=(982,312)
219.5260 	EXP 	slider_eq_trial: markerPos = 2.010714285714286
219.5459 	EXP 	slider_eq_trial: markerPos = 2.010714285714286
219.5760 	EXP 	slider_eq_trial: markerPos = 2.010714285714286
219.6090 	EXP 	slider_eq_trial: markerPos = 2.010714285714286
219.6304 	EXP 	slider_eq_trial: markerPos = 2.010714285714286
219.6324 	DATA 	Mouse:  Left button up, pos=(983,312)
219.6592 	EXP 	slider_eq_trial: markerPos = 2.0
219.6592 	EXP 	slider_eq_trial: rating = 2.0
219.6609 	EXP 	New trial (rep=0, index=45): OrderedDict([('item_num', 46), ('item', 'People sometimes tell me that I have gone too far with teasing.'), ('is_test_item', 1), ('is_distractor', 0), ('is_agree_score', 0), ('is_disagree_score', 1)])
219.6927 	EXP 	text_eq_question_trial: autoDraw = False
219.6927 	EXP 	slider_eq_trial: autoDraw = False
219.6927 	EXP 	text_eq_question_trial: text = 'People sometimes tell me that I have gone too far with teasing.'
219.6927 	EXP 	slider_eq_trial: markerPos = None
219.6927 	EXP 	slider_eq_trial: markerPos = None
219.6927 	EXP 	slider_eq_trial: rating = None
219.6927 	EXP 	text_eq_question_trial: autoDraw = True
219.6927 	EXP 	slider_eq_trial: autoDraw = True
222.8456 	DATA 	Mouse: Left button down, pos=(689,320)
222.8760 	EXP 	slider_eq_trial: markerPos = 0.9642857142857144
222.8963 	EXP 	slider_eq_trial: markerPos = 0.9642857142857144
222.9260 	EXP 	slider_eq_trial: markerPos = 0.9642857142857144
222.9458 	EXP 	slider_eq_trial: markerPos = 0.9642857142857144
222.9527 	DATA 	Mouse:  Left button up, pos=(690,320)
222.9760 	EXP 	slider_eq_trial: markerPos = 0.9642857142857144
222.9961 	EXP 	slider_eq_trial: markerPos = 1.0
222.9961 	EXP 	slider_eq_trial: rating = 1.0
222.9978 	EXP 	New trial (rep=0, index=46): OrderedDict([('item_num', 47), ('item', 'I would be too nervous to go on a big rollercoaster.'), ('is_test_item', 0), ('is_distractor', 1), ('is_agree_score', 0), ('is_disagree_score', 0)])
223.0261 	EXP 	text_eq_question_trial: autoDraw = False
223.0261 	EXP 	slider_eq_trial: autoDraw = False
223.0261 	EXP 	text_eq_question_trial: text = 'I would be too nervous to go on a big rollercoaster.'
223.0261 	EXP 	slider_eq_trial: markerPos = None
223.0261 	EXP 	slider_eq_trial: markerPos = None
223.0261 	EXP 	slider_eq_trial: rating = None
223.0261 	EXP 	text_eq_question_trial: autoDraw = True
223.0261 	EXP 	slider_eq_trial: autoDraw = True
227.4954 	DATA 	Mouse: Left button down, pos=(1269,307)
227.5258 	EXP 	slider_eq_trial: markerPos = 3.032142857142857
227.5465 	EXP 	slider_eq_trial: markerPos = 3.032142857142857
227.5759 	EXP 	slider_eq_trial: markerPos = 3.032142857142857
227.5780 	DATA 	Mouse:  Left button up, pos=(1269,307)
227.6088 	EXP 	slider_eq_trial: markerPos = 3.0
227.6088 	EXP 	slider_eq_trial: rating = 3.0
227.6102 	EXP 	New trial (rep=0, index=47): OrderedDict([('item_num', 48), ('item', 'Other people, often say that I am insensitive, though I don’t always see \n  why.'), ('is_test_item', 1), ('is_distractor', 0), ('is_agree_score', 0), ('is_disagree_score', 1)])
227.6424 	EXP 	text_eq_question_trial: autoDraw = False
227.6424 	EXP 	slider_eq_trial: autoDraw = False
227.6424 	EXP 	text_eq_question_trial: text = 'Other people, often say that I am insensitive, though I don’t always see \n  why.'
227.6424 	EXP 	slider_eq_trial: markerPos = None
227.6424 	EXP 	slider_eq_trial: markerPos = None
227.6424 	EXP 	slider_eq_trial: rating = None
227.6424 	EXP 	text_eq_question_trial: autoDraw = True
227.6424 	EXP 	slider_eq_trial: autoDraw = True
232.5978 	DATA 	Mouse: Left button down, pos=(709,313)
232.6255 	EXP 	slider_eq_trial: markerPos = 1.032142857142857
232.6466 	EXP 	slider_eq_trial: markerPos = 1.032142857142857
232.6755 	EXP 	slider_eq_trial: markerPos = 1.032142857142857
232.6967 	EXP 	slider_eq_trial: markerPos = 1.032142857142857
232.6988 	DATA 	Mouse:  Left button up, pos=(709,313)
232.7255 	EXP 	slider_eq_trial: markerPos = 1.0
232.7255 	EXP 	slider_eq_trial: rating = 1.0
232.7272 	EXP 	New trial (rep=0, index=48): OrderedDict([('item_num', 49), ('item', 'If I see a stranger in a group, I think that it is up to them to make an \n  effort to join in.'), ('is_test_item', 1), ('is_distractor', 0), ('is_agree_score', 0), ('is_disagree_score', 1)])
232.7591 	EXP 	text_eq_question_trial: autoDraw = False
232.7591 	EXP 	slider_eq_trial: autoDraw = False
232.7591 	EXP 	text_eq_question_trial: text = 'If I see a stranger in a group, I think that it is up to them to make an \n  effort to join in.'
232.7591 	EXP 	slider_eq_trial: markerPos = None
232.7591 	EXP 	slider_eq_trial: markerPos = None
232.7591 	EXP 	slider_eq_trial: rating = None
232.7591 	EXP 	text_eq_question_trial: autoDraw = True
232.7591 	EXP 	slider_eq_trial: autoDraw = True
237.6310 	DATA 	Mouse: Left button down, pos=(421,319)
237.6590 	EXP 	slider_eq_trial: markerPos = 0.0035714285714287253
237.6794 	EXP 	slider_eq_trial: markerPos = 0.0035714285714287253
237.7090 	EXP 	slider_eq_trial: markerPos = 0.0035714285714287253
237.7419 	EXP 	slider_eq_trial: markerPos = 0.0035714285714287253
237.7631 	EXP 	slider_eq_trial: markerPos = 0.0035714285714287253
237.7651 	DATA 	Mouse:  Left button up, pos=(421,319)
237.7920 	EXP 	slider_eq_trial: markerPos = 0.0
237.7920 	EXP 	slider_eq_trial: rating = 0.0
237.7937 	EXP 	New trial (rep=0, index=49): OrderedDict([('item_num', 50), ('item', 'I usually stay emotionally detached when watching a film.'), ('is_test_item', 1), ('is_distractor', 0), ('is_agree_score', 0), ('is_disagree_score', 1)])
237.8257 	EXP 	text_eq_question_trial: autoDraw = False
237.8257 	EXP 	slider_eq_trial: autoDraw = False
237.8257 	EXP 	text_eq_question_trial: text = 'I usually stay emotionally detached when watching a film.'
237.8257 	EXP 	slider_eq_trial: markerPos = None
237.8257 	EXP 	slider_eq_trial: markerPos = None
237.8257 	EXP 	slider_eq_trial: rating = None
237.8257 	EXP 	text_eq_question_trial: autoDraw = True
237.8257 	EXP 	slider_eq_trial: autoDraw = True
242.9778 	DATA 	Mouse: Left button down, pos=(411,316)
243.0084 	EXP 	slider_eq_trial: markerPos = -0.03214285714285703
243.0295 	EXP 	slider_eq_trial: markerPos = -0.03214285714285703
243.0585 	EXP 	slider_eq_trial: markerPos = -0.03214285714285703
243.0606 	DATA 	Mouse:  Left button up, pos=(411,316)
243.0801 	EXP 	slider_eq_trial: markerPos = 0.0
243.0801 	EXP 	slider_eq_trial: rating = 0.0
243.0814 	EXP 	New trial (rep=0, index=50): OrderedDict([('item_num', 51), ('item', 'I like to be very organized in day-to-day life and often make lists of the \n  chores I have to do.'), ('is_test_item', 0), ('is_distractor', 1), ('is_agree_score', 0), ('is_disagree_score', 0)])
243.1093 	EXP 	text_eq_question_trial: autoDraw = False
243.1093 	EXP 	slider_eq_trial: autoDraw = False
243.1093 	EXP 	text_eq_question_trial: text = 'I like to be very organized in day-to-day life and often make lists of the \n  chores I have to do.'
243.1093 	EXP 	slider_eq_trial: markerPos = None
243.1093 	EXP 	slider_eq_trial: markerPos = None
243.1093 	EXP 	slider_eq_trial: rating = None
243.1093 	EXP 	text_eq_question_trial: autoDraw = True
243.1093 	EXP 	slider_eq_trial: autoDraw = True
247.0520 	DATA 	Mouse: Left button down, pos=(426,317)
247.0950 	EXP 	slider_eq_trial: markerPos = 0.02142857142857152
247.1250 	EXP 	slider_eq_trial: markerPos = 0.02142857142857152
247.1454 	EXP 	slider_eq_trial: markerPos = 0.02142857142857152
247.1750 	EXP 	slider_eq_trial: markerPos = 0.02142857142857152
247.1771 	DATA 	Mouse:  Left button up, pos=(426,317)
247.2086 	EXP 	slider_eq_trial: markerPos = 0.0
247.2086 	EXP 	slider_eq_trial: rating = 0.0
247.2104 	EXP 	New trial (rep=0, index=51): OrderedDict([('item_num', 52), ('item', 'I can tune into how someone else feels rapidly and intuitively.'), ('is_test_item', 1), ('is_distractor', 0), ('is_agree_score', 1), ('is_disagree_score', 0)])
247.2417 	EXP 	text_eq_question_trial: autoDraw = False
247.2417 	EXP 	slider_eq_trial: autoDraw = False
247.2417 	EXP 	text_eq_question_trial: text = 'I can tune into how someone else feels rapidly and intuitively.'
247.2417 	EXP 	slider_eq_trial: markerPos = None
247.2417 	EXP 	slider_eq_trial: markerPos = None
247.2417 	EXP 	slider_eq_trial: rating = None
247.2417 	EXP 	text_eq_question_trial: autoDraw = True
247.2417 	EXP 	slider_eq_trial: autoDraw = True
252.3270 	DATA 	Mouse: Left button down, pos=(700,316)
252.3583 	EXP 	slider_eq_trial: markerPos = 1.0
252.3792 	EXP 	slider_eq_trial: markerPos = 1.0
252.4083 	EXP 	slider_eq_trial: markerPos = 1.0
252.4283 	EXP 	slider_eq_trial: markerPos = 1.0
252.4583 	EXP 	slider_eq_trial: markerPos = 1.0
252.4604 	DATA 	Mouse:  Left button up, pos=(700,316)
252.4915 	EXP 	slider_eq_trial: markerPos = 1.0
252.4915 	EXP 	slider_eq_trial: rating = 1.0
252.4931 	EXP 	New trial (rep=0, index=52): OrderedDict([('item_num', 53), ('item', 'I don’t like to take risks.'), ('is_test_item', 0), ('is_distractor', 1), ('is_agree_score', 0), ('is_disagree_score', 0)])
252.5246 	EXP 	text_eq_question_trial: autoDraw = False
252.5246 	EXP 	slider_eq_trial: autoDraw = False
252.5246 	EXP 	text_eq_question_trial: text = 'I don’t like to take risks.'
252.5246 	EXP 	slider_eq_trial: markerPos = None
252.5246 	EXP 	slider_eq_trial: markerPos = None
252.5246 	EXP 	slider_eq_trial: rating = None
252.5246 	EXP 	text_eq_question_trial: autoDraw = True
252.5246 	EXP 	slider_eq_trial: autoDraw = True
256.3433 	DATA 	Mouse: Left button down, pos=(950,313)
256.3597 	EXP 	slider_eq_trial: markerPos = 1.8928571428571428
256.3761 	EXP 	slider_eq_trial: markerPos = 1.8928571428571428
256.3922 	EXP 	slider_eq_trial: markerPos = 1.8928571428571428
256.4086 	EXP 	slider_eq_trial: markerPos = 1.8928571428571428
256.4247 	EXP 	slider_eq_trial: markerPos = 1.8928571428571428
256.4412 	EXP 	slider_eq_trial: markerPos = 1.8928571428571428
256.4576 	EXP 	slider_eq_trial: markerPos = 1.8928571428571428
256.4745 	EXP 	slider_eq_trial: markerPos = 1.8928571428571428
256.4752 	DATA 	Mouse:  Left button up, pos=(950,313)
256.4914 	EXP 	slider_eq_trial: markerPos = 2.0
256.4914 	EXP 	slider_eq_trial: rating = 2.0
256.4922 	EXP 	New trial (rep=0, index=53): OrderedDict([('item_num', 54), ('item', 'I can easily work out what another person might want to talk about.'), ('is_test_item', 1), ('is_distractor', 0), ('is_agree_score', 1), ('is_disagree_score', 0)])
256.5122 	EXP 	text_eq_question_trial: autoDraw = False
256.5122 	EXP 	slider_eq_trial: autoDraw = False
256.5122 	EXP 	text_eq_question_trial: text = 'I can easily work out what another person might want to talk about.'
256.5122 	EXP 	slider_eq_trial: markerPos = None
256.5122 	EXP 	slider_eq_trial: markerPos = None
256.5122 	EXP 	slider_eq_trial: rating = None
256.5122 	EXP 	text_eq_question_trial: autoDraw = True
256.5122 	EXP 	slider_eq_trial: autoDraw = True
260.0935 	DATA 	Mouse: Left button down, pos=(712,313)
260.1124 	EXP 	slider_eq_trial: markerPos = 1.0428571428571427
260.1415 	EXP 	slider_eq_trial: markerPos = 1.0428571428571427
260.1625 	EXP 	slider_eq_trial: markerPos = 1.0428571428571427
260.1911 	EXP 	slider_eq_trial: markerPos = 1.0428571428571427
260.2106 	EXP 	slider_eq_trial: markerPos = 1.0428571428571427
260.2125 	DATA 	Mouse:  Left button up, pos=(712,313)
260.2412 	EXP 	slider_eq_trial: markerPos = 1.0
260.2412 	EXP 	slider_eq_trial: rating = 1.0
260.2428 	EXP 	New trial (rep=0, index=54): OrderedDict([('item_num', 55), ('item', 'I can tell if someone is masking their true emotion.'), ('is_test_item', 1), ('is_distractor', 0), ('is_agree_score', 1), ('is_disagree_score', 0)])
260.2746 	EXP 	text_eq_question_trial: autoDraw = False
260.2746 	EXP 	slider_eq_trial: autoDraw = False
260.2746 	EXP 	text_eq_question_trial: text = 'I can tell if someone is masking their true emotion.'
260.2746 	EXP 	slider_eq_trial: markerPos = None
260.2746 	EXP 	slider_eq_trial: markerPos = None
260.2746 	EXP 	slider_eq_trial: rating = None
260.2746 	EXP 	text_eq_question_trial: autoDraw = True
260.2746 	EXP 	slider_eq_trial: autoDraw = True
265.2444 	DATA 	Mouse: Left button down, pos=(966,297)
265.3128 	DATA 	Mouse:  Left button up, pos=(966,297)
265.9312 	DATA 	Mouse: Left button down, pos=(977,312)
265.9578 	EXP 	slider_eq_trial: markerPos = 1.9892857142857143
265.9781 	EXP 	slider_eq_trial: markerPos = 1.9892857142857143
266.0077 	EXP 	slider_eq_trial: markerPos = 1.9892857142857143
266.0100 	DATA 	Mouse:  Left button up, pos=(977,312)
266.0288 	EXP 	slider_eq_trial: markerPos = 2.0
266.0288 	EXP 	slider_eq_trial: rating = 2.0
266.0305 	EXP 	New trial (rep=0, index=55): OrderedDict([('item_num', 56), ('item', 'Before making a decision I always weigh up the pros and cons.'), ('is_test_item', 0), ('is_distractor', 1), ('is_agree_score', 0), ('is_disagree_score', 0)])
266.0590 	EXP 	text_eq_question_trial: autoDraw = False
266.0590 	EXP 	slider_eq_trial: autoDraw = False
266.0590 	EXP 	text_eq_question_trial: text = 'Before making a decision I always weigh up the pros and cons.'
266.0590 	EXP 	slider_eq_trial: markerPos = None
266.0590 	EXP 	slider_eq_trial: markerPos = None
266.0590 	EXP 	slider_eq_trial: rating = None
266.0590 	EXP 	text_eq_question_trial: autoDraw = True
266.0590 	EXP 	slider_eq_trial: autoDraw = True
269.5489 	DATA 	Mouse: Left button down, pos=(690,324)
269.5744 	EXP 	slider_eq_trial: markerPos = 0.9642857142857144
269.6080 	EXP 	slider_eq_trial: markerPos = 0.9642857142857144
269.6278 	EXP 	slider_eq_trial: markerPos = 0.9642857142857144
269.6580 	EXP 	slider_eq_trial: markerPos = 0.9642857142857144
269.6785 	EXP 	slider_eq_trial: markerPos = 0.9642857142857144
269.6847 	DATA 	Mouse:  Left button up, pos=(690,324)
269.7080 	EXP 	slider_eq_trial: markerPos = 0.9642857142857144
269.7411 	EXP 	slider_eq_trial: markerPos = 1.0
269.7411 	EXP 	slider_eq_trial: rating = 1.0
269.7429 	EXP 	New trial (rep=0, index=56): OrderedDict([('item_num', 57), ('item', 'I don’t consciously work out the rules of social situations.'), ('is_test_item', 1), ('is_distractor', 0), ('is_agree_score', 1), ('is_disagree_score', 0)])
269.7746 	EXP 	text_eq_question_trial: autoDraw = False
269.7746 	EXP 	slider_eq_trial: autoDraw = False
269.7746 	EXP 	text_eq_question_trial: text = 'I don’t consciously work out the rules of social situations.'
269.7746 	EXP 	slider_eq_trial: markerPos = None
269.7746 	EXP 	slider_eq_trial: markerPos = None
269.7746 	EXP 	slider_eq_trial: rating = None
269.7746 	EXP 	text_eq_question_trial: autoDraw = True
269.7746 	EXP 	slider_eq_trial: autoDraw = True
274.8798 	DATA 	Mouse: Left button down, pos=(426,305)
274.9244 	EXP 	slider_eq_trial: markerPos = 0.02142857142857152
274.9439 	EXP 	slider_eq_trial: markerPos = 0.02142857142857152
274.9631 	EXP 	slider_eq_trial: markerPos = 0.02142857142857152
274.9907 	EXP 	slider_eq_trial: markerPos = 0.02142857142857152
275.0112 	EXP 	slider_eq_trial: markerPos = 0.02142857142857152
275.0135 	DATA 	Mouse:  Left button up, pos=(426,305)
275.0407 	EXP 	slider_eq_trial: markerPos = 0.0
275.0407 	EXP 	slider_eq_trial: rating = 0.0
275.0424 	EXP 	New trial (rep=0, index=57): OrderedDict([('item_num', 58), ('item', 'I am good at predicting what someone will do.'), ('is_test_item', 1), ('is_distractor', 0), ('is_agree_score', 1), ('is_disagree_score', 0)])
275.0745 	EXP 	text_eq_question_trial: autoDraw = False
275.0745 	EXP 	slider_eq_trial: autoDraw = False
275.0745 	EXP 	text_eq_question_trial: text = 'I am good at predicting what someone will do.'
275.0745 	EXP 	slider_eq_trial: markerPos = None
275.0745 	EXP 	slider_eq_trial: markerPos = None
275.0745 	EXP 	slider_eq_trial: rating = None
275.0745 	EXP 	text_eq_question_trial: autoDraw = True
275.0745 	EXP 	slider_eq_trial: autoDraw = True
277.2136 	DATA 	Mouse: Left button down, pos=(709,327)
277.3289 	DATA 	Mouse:  Left button up, pos=(709,327)
277.8593 	DATA 	Mouse: Left button down, pos=(696,319)
277.8788 	EXP 	slider_eq_trial: markerPos = 0.9857142857142858
277.9074 	EXP 	slider_eq_trial: markerPos = 0.9857142857142858
277.9270 	EXP 	slider_eq_trial: markerPos = 0.9857142857142858
277.9574 	EXP 	slider_eq_trial: markerPos = 0.9857142857142858
277.9769 	EXP 	slider_eq_trial: markerPos = 0.9857142857142858
278.0074 	EXP 	slider_eq_trial: markerPos = 0.9857142857142858
278.0095 	DATA 	Mouse:  Left button up, pos=(696,318)
278.0275 	EXP 	slider_eq_trial: markerPos = 1.0
278.0275 	EXP 	slider_eq_trial: rating = 1.0
278.0286 	EXP 	New trial (rep=0, index=58): OrderedDict([('item_num', 59), ('item', 'I tend to get emotionally involved with a friend’s problems.'), ('is_test_item', 1), ('is_distractor', 0), ('is_agree_score', 1), ('is_disagree_score', 0)])
278.0572 	EXP 	text_eq_question_trial: autoDraw = False
278.0572 	EXP 	slider_eq_trial: autoDraw = False
278.0572 	EXP 	text_eq_question_trial: text = 'I tend to get emotionally involved with a friend’s problems.'
278.0572 	EXP 	slider_eq_trial: markerPos = None
278.0572 	EXP 	slider_eq_trial: markerPos = None
278.0572 	EXP 	slider_eq_trial: rating = None
278.0572 	EXP 	text_eq_question_trial: autoDraw = True
278.0572 	EXP 	slider_eq_trial: autoDraw = True
281.9620 	DATA 	Mouse: Left button down, pos=(1261,316)
281.9903 	EXP 	slider_eq_trial: markerPos = 3.0035714285714286
282.0104 	EXP 	slider_eq_trial: markerPos = 3.0035714285714286
282.0403 	EXP 	slider_eq_trial: markerPos = 3.0035714285714286
282.0424 	DATA 	Mouse:  Left button up, pos=(1261,316)
282.0610 	EXP 	slider_eq_trial: markerPos = 3.0
282.0610 	EXP 	slider_eq_trial: rating = 3.0
282.0627 	EXP 	New trial (rep=0, index=59): OrderedDict([('item_num', 60), ('item', 'I can usually appreciate the other person’s viewpoint, even if I don’t \n  agree with it.'), ('is_test_item', 1), ('is_distractor', 0), ('is_agree_score', 1), ('is_disagree_score', 0)])
282.0903 	EXP 	text_eq_question_trial: autoDraw = False
282.0903 	EXP 	slider_eq_trial: autoDraw = False
282.0903 	EXP 	text_eq_question_trial: text = 'I can usually appreciate the other person’s viewpoint, even if I don’t \n  agree with it.'
282.0903 	EXP 	slider_eq_trial: markerPos = None
282.0903 	EXP 	slider_eq_trial: markerPos = None
282.0903 	EXP 	slider_eq_trial: rating = None
282.0903 	EXP 	text_eq_question_trial: autoDraw = True
282.0903 	EXP 	slider_eq_trial: autoDraw = True
286.2610 	DATA 	Mouse: Left button down, pos=(697,312)
286.2904 	EXP 	slider_eq_trial: markerPos = 0.9892857142857143
286.3100 	EXP 	slider_eq_trial: markerPos = 0.9892857142857143
286.3404 	EXP 	slider_eq_trial: markerPos = 0.9892857142857143
286.3597 	EXP 	slider_eq_trial: markerPos = 0.9892857142857143
286.3619 	DATA 	Mouse:  Left button up, pos=(697,312)
286.3902 	EXP 	slider_eq_trial: markerPos = 1.0
286.3902 	EXP 	slider_eq_trial: rating = 1.0
286.4067 	EXP 	text_eq_question_trial: autoDraw = False
286.4067 	EXP 	slider_eq_trial: autoDraw = False
286.7044 	EXP 	window1: mouseVisible = True
