0.2287 	WARNING 	We strongly recommend you activate the PTB sound engine in PsychoPy prefs as the preferred audio engine. Its timing is vastly superior. Your prefs are currently set to use ['sounddevice', 'pyo', 'pygame'] (in that order).
34.8686 	INFO 	Loaded monitor calibration from ['2019_06_02 14:05']
35.5322 	EXP 	Created window1 = Window(allowGUI=True, allowStencil=False, args=UNKNOWN, autoLog=True, bitsMode=UNKNOWN, blendMode='avg', bpc=(8, 8, 8), color=array([0., 0., 0.]), colorSpace='rgb', depthBits=8, fullscr=<method-wrapper '__getattribute__' of attributeSetter object at 0x7ffb30efaac8>, gamma=None, gammaErrorPolicy='raise', kwargs=UNKNOWN, lms=UNKNOWN, monitor=<psychopy.monitors.calibTools.Monitor object at 0x7ffb30f228d0>, multiSample=False, name='window1', numSamples=2, pos=[540.0, 337.5], screen=0, size=array([3360, 2100]), stencilBits=0, stereo=False, units='height', useFBO=True, useRetina=True, viewOri=0.0, viewPos=None, viewScale=None, waitBlanking=True, winType='pyglet')
35.5324 	EXP 	window1: mouseVisible = True
35.5324 	EXP 	window1: recordFrameIntervals = False
35.6978 	EXP 	window1: recordFrameIntervals = True
35.8812 	DEBUG 	Screen (0) actual frame rate measured at 60.01
35.8813 	EXP 	window1: recordFrameIntervals = False
36.3543 	EXP 	Created text_lextale_instructions = TextStim(__class__=<class 'psychopy.visual.text.TextStim'>, alignHoriz=method-wrapper(...), alignText='center', alignVert=method-wrapper(...), anchorHoriz='center', anchorVert='center', antialias=True, autoLog=True, bold=False, color='white', colorSpace='named', contrast=1.0, depth=0.0, flipHoriz=False, flipVert=False, font='Arial', fontFiles=[], height=0.05, italic=False, languageStyle='LTR', name='text_lextale_instructions', opacity=1.0, ori=0, pos=array([0., 0.]), rgb=array([255., 255., 255.]), text='default text', units='height', win=Window(...), wrapWidth=0.8)
36.7539 	EXP 	Created text_lextale_instructions_continue = TextStim(__class__=<class 'psychopy.visual.text.TextStim'>, alignHoriz=method-wrapper(...), alignText='center', alignVert=method-wrapper(...), anchorHoriz='center', anchorVert='center', antialias=True, autoLog=True, bold=False, color='white', colorSpace='named', contrast=1.0, depth=-2.0, flipHoriz=False, flipVert=False, font='Arial', fontFiles=[], height=0.04, italic=False, languageStyle='LTR', name='text_lextale_instructions_continue', opacity=1.0, ori=0, pos=array([ 0.  , -0.35]), rgb=array([255., 255., 255.]), text='default text', units='height', win=Window(...), wrapWidth=1)
36.7607 	EXP 	Created text_lextale_practice_label = TextStim(__class__=<class 'psychopy.visual.text.TextStim'>, alignHoriz=method-wrapper(...), alignText='center', alignVert=method-wrapper(...), anchorHoriz='center', anchorVert='center', antialias=True, autoLog=True, bold=False, color='red', colorSpace='named', contrast=1.0, depth=0.0, flipHoriz=False, flipVert=False, font='Arial', fontFiles=[], height=0.1, italic=False, languageStyle='LTR', name='text_lextale_practice_label', opacity=1.0, ori=0, pos=array([0. , 0.3]), rgb=array([255.,   0.,   0.]), text='PRÁCTICA', units='height', win=Window(...), wrapWidth=1)
36.7685 	EXP 	Created text_lextale_practice_word = TextStim(__class__=<class 'psychopy.visual.text.TextStim'>, alignHoriz=method-wrapper(...), alignText='center', alignVert=method-wrapper(...), anchorHoriz='center', anchorVert='center', antialias=True, autoLog=True, bold=False, color='blue', colorSpace='named', contrast=1.0, depth=-1.0, flipHoriz=False, flipVert=False, font='Arial', fontFiles=[], height=0.1, italic=False, languageStyle='LTR', name='text_lextale_practice_word', opacity=1.0, ori=0, pos=array([0., 0.]), rgb=array([  0.,   0., 255.]), text='default text', units='height', win=Window(...), wrapWidth=1)
37.1675 	EXP 	Created text_lextale_practice_real_label = TextStim(__class__=<class 'psychopy.visual.text.TextStim'>, alignHoriz=method-wrapper(...), alignText='center', alignVert=method-wrapper(...), anchorHoriz='center', anchorVert='center', antialias=True, autoLog=True, bold=False, color='white', colorSpace='named', contrast=1.0, depth=-3.0, flipHoriz=False, flipVert=False, font='Arial', fontFiles=[], height=0.1, italic=False, languageStyle='LTR', name='text_lextale_practice_real_label', opacity=1.0, ori=0, pos=array([-0.3, -0.3]), rgb=array([255., 255., 255.]), text='default text', units='height', win=Window(...), wrapWidth=1)
37.1698 	EXP 	Created text_lextale_practice_false_label = TextStim(__class__=<class 'psychopy.visual.text.TextStim'>, alignHoriz=method-wrapper(...), alignText='center', alignVert=method-wrapper(...), anchorHoriz='center', anchorVert='center', antialias=True, autoLog=True, bold=False, color='white', colorSpace='named', contrast=1.0, depth=-4.0, flipHoriz=False, flipVert=False, font='Arial', fontFiles=[], height=0.1, italic=False, languageStyle='LTR', name='text_lextale_practice_false_label', opacity=1.0, ori=0, pos=array([ 0.3, -0.3]), rgb=array([255., 255., 255.]), text='default text', units='height', win=Window(...), wrapWidth=1)
37.1721 	EXP 	Created text_lextale_practice_feedback = TextStim(__class__=<class 'psychopy.visual.text.TextStim'>, alignHoriz=method-wrapper(...), alignText='center', alignVert=method-wrapper(...), anchorHoriz='center', anchorVert='center', antialias=True, autoLog=True, bold=False, color='white', colorSpace='named', contrast=1.0, depth=-1.0, flipHoriz=False, flipVert=False, font='Arial', fontFiles=[], height=0.1, italic=False, languageStyle='LTR', name='text_lextale_practice_feedback', opacity=1.0, ori=0, pos=array([0., 0.]), rgb=array([255., 255., 255.]), text='default text', units='height', win=Window(...), wrapWidth=1)
37.5854 	EXP 	Created text_lextale_check = TextStim(__class__=<class 'psychopy.visual.text.TextStim'>, alignHoriz=method-wrapper(...), alignText='center', alignVert=method-wrapper(...), anchorHoriz='center', anchorVert='center', antialias=True, autoLog=True, bold=False, color='white', colorSpace='named', contrast=1.0, depth=0.0, flipHoriz=False, flipVert=False, font='Arial', fontFiles=[], height=0.1, italic=False, languageStyle='LTR', name='text_lextale_check', opacity=1.0, ori=0, pos=array([0., 0.]), rgb=array([255., 255., 255.]), text=str(...), units='height', win=Window(...), wrapWidth=1)
37.9866 	EXP 	Created text_lextale_trial_word = TextStim(__class__=<class 'psychopy.visual.text.TextStim'>, alignHoriz=method-wrapper(...), alignText='center', alignVert=method-wrapper(...), anchorHoriz='center', anchorVert='center', antialias=True, autoLog=True, bold=False, color='blue', colorSpace='named', contrast=1.0, depth=0.0, flipHoriz=False, flipVert=False, font='Arial', fontFiles=[], height=0.1, italic=False, languageStyle='LTR', name='text_lextale_trial_word', opacity=1.0, ori=0, pos=array([0., 0.]), rgb=array([  0.,   0., 255.]), text='default text', units='height', win=Window(...), wrapWidth=1)
38.3902 	EXP 	Created text_lextale_trial_real_label = TextStim(__class__=<class 'psychopy.visual.text.TextStim'>, alignHoriz=method-wrapper(...), alignText='center', alignVert=method-wrapper(...), anchorHoriz='center', anchorVert='center', antialias=True, autoLog=True, bold=False, color='white', colorSpace='named', contrast=1.0, depth=-2.0, flipHoriz=False, flipVert=False, font='Arial', fontFiles=[], height=0.1, italic=False, languageStyle='LTR', name='text_lextale_trial_real_label', opacity=1.0, ori=0, pos=array([-0.3, -0.3]), rgb=array([255., 255., 255.]), text='default text', units='height', win=Window(...), wrapWidth=1)
38.3927 	EXP 	Created text_lextale_trial_false_label = TextStim(__class__=<class 'psychopy.visual.text.TextStim'>, alignHoriz=method-wrapper(...), alignText='center', alignVert=method-wrapper(...), anchorHoriz='center', anchorVert='center', antialias=True, autoLog=True, bold=False, color='white', colorSpace='named', contrast=1.0, depth=-3.0, flipHoriz=False, flipVert=False, font='Arial', fontFiles=[], height=0.1, italic=False, languageStyle='LTR', name='text_lextale_trial_false_label', opacity=1.0, ori=0, pos=array([ 0.3, -0.3]), rgb=array([255., 255., 255.]), text='default text', units='height', win=Window(...), wrapWidth=1)
38.7972 	EXP 	Created text_eq_instructions = TextStim(__class__=<class 'psychopy.visual.text.TextStim'>, alignHoriz=method-wrapper(...), alignText='center', alignVert=method-wrapper(...), anchorHoriz='center', anchorVert='center', antialias=True, autoLog=True, bold=False, color='white', colorSpace='named', contrast=1.0, depth=-1.0, flipHoriz=False, flipVert=False, font='Arial', fontFiles=[], height=0.1, italic=False, languageStyle='LTR', name='text_eq_instructions', opacity=1.0, ori=0, pos=array([0., 0.]), rgb=array([255., 255., 255.]), text='instructions here', units='height', win=Window(...), wrapWidth=1)
38.8023 	EXP 	Created text_eq_question_trial = TextStim(__class__=<class 'psychopy.visual.text.TextStim'>, alignHoriz=method-wrapper(...), alignText='center', alignVert=method-wrapper(...), anchorHoriz='center', anchorVert='center', antialias=True, autoLog=True, bold=False, color='white', colorSpace='named', contrast=1.0, depth=0.0, flipHoriz=False, flipVert=False, font='Arial', fontFiles=[], height=0.06, italic=False, languageStyle='LTR', name='text_eq_question_trial', opacity=1.0, ori=0, pos=array([0. , 0.2]), rgb=array([255., 255., 255.]), text='default text', units='height', win=Window(...), wrapWidth=1)
38.8091 	INFO 	Mouse: using default window
38.8092 	EXP 	window1: mouseVisible = True
38.8306 	EXP 	Created slider_eq_trial = Slider(__class__=<class 'psychopy.visual.slider.Slider'>, autoDraw=False, autoLog=True, color='LightGray', depth=-1, flip=False, font='HelveticaBold', granularity=1.0, labelHeight=0.02, labelWrapWidth=None, labels=list(...), name='slider_eq_trial', pos=(0, -0.2), readOnly=False, self=UNKNOWN, size=(0.8, 0.02), style=method-wrapper(...), ticks=array([0, 1, 2, 3]), units='height', win=Window(...))
39.2342 	DEBUG 	Read csv file with pandas: instructions/lextale_instructions_text.csv
39.2367 	DEBUG 	Clearing unnamed columns from instructions/lextale_instructions_text.csv
39.2372 	EXP 	Imported instructions/lextale_instructions_text.csv as conditions, 4 conditions, 2 params
39.2374 	EXP 	Created sequence: sequential, trialTypes=4, nReps=1, seed=None
39.2376 	EXP 	New trial (rep=0, index=0): OrderedDict([('instructions_text', "Este es un test de vocabulario en español. \n  \n  A continuación vas a ver 90 secuencias de letras que parecen 'españolas'.\n  \n  Solo algunas de ellas son palabras de verdad."), ('continue_text', '(presiona la barra espaciadora para continuar)')])
39.2936 	EXP 	slider_eq_trial: autoLog = True
39.2936 	EXP 	slider_eq_trial: markerPos = None
39.2936 	EXP 	slider_eq_trial: rating = None
39.2936 	EXP 	slider_eq_trial: markerPos = None
39.2936 	EXP 	slider_eq_trial: contrast = 1.0
39.2936 	EXP 	slider_eq_trial: autoLog = True
39.2936 	EXP 	slider_eq_trial: style = ['rating', 'triangleMarker']
39.2936 	EXP 	text_lextale_instructions: text = "Este es un test de vocabulario en español. \n  \n  A continuación vas a ver 90 secuencias de letras que parecen 'españolas'.\n  \n  Solo algunas de ellas son palabras de verdad."
39.2936 	EXP 	text_lextale_instructions_continue: text = '(presiona la barra espaciadora para continuar)'
39.2936 	EXP 	text_lextale_instructions: autoDraw = True
41.0156 	EXP 	New trial (rep=0, index=1): OrderedDict([('instructions_text', 'Por favor, señala las palabras que tú conoces (aquellas que estás convencido que son palabras españolas, incluso aunque no seas capaz de dar el significado preciso).'), ('continue_text', '(presiona la barra espaciadora para continuar)')])
41.0341 	EXP 	text_lextale_instructions: autoDraw = False
41.0341 	EXP 	text_lextale_instructions_continue: autoDraw = False
41.0341 	EXP 	text_lextale_instructions: text = 'Por favor, señala las palabras que tú conoces (aquellas que estás convencido que son palabras españolas, incluso aunque no seas capaz de dar el significado preciso).'
41.0341 	EXP 	text_lextale_instructions_continue: text = '(presiona la barra espaciadora para continuar)'
41.0341 	EXP 	text_lextale_instructions: autoDraw = True
43.5334 	EXP 	text_lextale_instructions_continue: autoDraw = True
164.1798 	EXP 	New trial (rep=0, index=2): OrderedDict([('instructions_text', 'Pero cuidado: los errores se penalizan. Por eso no tiene sentido tratar de incrementar tu puntuación marcando como reales palabras que nunca has visto.'), ('continue_text', '(presiona la barra espaciadora para continuar)')])
164.1967 	EXP 	text_lextale_instructions: autoDraw = False
164.1967 	EXP 	text_lextale_instructions_continue: autoDraw = False
164.1967 	EXP 	text_lextale_instructions: text = 'Pero cuidado: los errores se penalizan. Por eso no tiene sentido tratar de incrementar tu puntuación marcando como reales palabras que nunca has visto.'
164.1967 	EXP 	text_lextale_instructions_continue: text = '(presiona la barra espaciadora para continuar)'
164.1967 	EXP 	text_lextale_instructions: autoDraw = True
166.6848 	EXP 	text_lextale_instructions_continue: autoDraw = True
168.9854 	EXP 	window1: mouseVisible = True
168.9855 	DEBUG 	Saving data for empathy_intonation_perc ExperimentHandler
168.9861 	INFO 	saved data to /Users/casillas/academia/research/in_progress/empathy_intonation_perc/exp/data/andalucia_empathy_intonation_perc_2021_Feb_05_0957.psydat
168.9864 	INFO 	saved data to '/Users/casillas/academia/research/in_progress/empathy_intonation_perc/exp/data/andalucia_empathy_intonation_perc_2021_Feb_05_0957.csv'
