1.3236 	WARNING 	We strongly recommend you activate the PTB sound engine in PsychoPy prefs as the preferred audio engine. Its timing is vastly superior. Your prefs are currently set to use ['sounddevice', 'PTB', 'pyo', 'pygame'] (in that order).
21.0939 	INFO 	Loaded monitor calibration from ['2019_11_06 10:16']
23.7103 	WARNING 	Couldn't measure a consistent frame rate.
  - Is your graphics card set to sync to vertical blank?
  - Are you running other processes on your computer?

23.7124 	EXP 	Created window1 = Window(allowGUI=True, allowStencil=False, args=UNKNOWN, autoLog=True, bitsMode=UNKNOWN, blendMode='avg', bpc=(8, 8, 8), color=array([1., 1., 1.]), colorSpace='rgb', depthBits=8, fullscr=<method-wrapper '__getattribute__' of attributeSetter object at 0x137d439e8>, gamma=None, gammaErrorPolicy='raise', kwargs=UNKNOWN, lms=UNKNOWN, monitor=<psychopy.monitors.calibTools.Monitor object at 0x115b37400>, multiSample=False, name='window1', numSamples=2, pos=[195.0, 75.0], screen=0, size=array([1050,  750]), stencilBits=0, stereo=False, units='height', useFBO=True, useRetina=False, viewOri=0.0, viewPos=None, viewScale=None, waitBlanking=True, winType='pyglet')
23.7128 	EXP 	window1: mouseVisible = True
23.7129 	EXP 	window1: recordFrameIntervals = False
23.8943 	EXP 	window1: recordFrameIntervals = True
23.9446 	DEBUG 	Screen (0) actual frame rate measured at 61.16
23.9447 	EXP 	window1: recordFrameIntervals = True
24.2186 	EXP 	Created text_stim_stim_n = TextStim(__class__=<class 'psychopy.visual.text.TextStim'>, alignHoriz=method-wrapper(...), alignText='center', alignVert=method-wrapper(...), anchorHoriz='center', anchorVert='center', antialias=True, autoLog=True, bold=False, color='grey', colorSpace='named', contrast=1.0, depth=0.0, flipHoriz=False, flipVert=False, font='Arial', fontFiles=[], height=0.03, italic=False, languageStyle='LTR', name='text_stim_stim_n', opacity=1.0, ori=0, pos=array([-0.67, -0.47]), rgb=array([128., 128., 128.]), text='default text', units='height', win=Window(...), wrapWidth=1)
24.2261 	EXP 	Created text_stim_sentence_type = TextStim(__class__=<class 'psychopy.visual.text.TextStim'>, alignHoriz=method-wrapper(...), alignText='center', alignVert=method-wrapper(...), anchorHoriz='center', anchorVert='center', antialias=True, autoLog=True, bold=False, color='grey', colorSpace='named', contrast=1.0, depth=-1.0, flipHoriz=False, flipVert=False, font='Arial', fontFiles=[], height=0.03, italic=False, languageStyle='LTR', name='text_stim_sentence_type', opacity=1.0, ori=0, pos=array([-0.57, -0.47]), rgb=array([128., 128., 128.]), text='default text', units='height', win=Window(...), wrapWidth=1)
24.2319 	EXP 	Created text_stim_condition = TextStim(__class__=<class 'psychopy.visual.text.TextStim'>, alignHoriz=method-wrapper(...), alignText='center', alignVert=method-wrapper(...), anchorHoriz='center', anchorVert='center', antialias=True, autoLog=True, bold=False, color='grey', colorSpace='named', contrast=1.0, depth=-2.0, flipHoriz=False, flipVert=False, font='Arial', fontFiles=[], height=0.03, italic=False, languageStyle='LTR', name='text_stim_condition', opacity=1.0, ori=0, pos=array([ 0.  , -0.47]), rgb=array([128., 128., 128.]), text='default text', units='height', win=Window(...), wrapWidth=1)
24.2635 	EXP 	Created text_stim_prompt = TextStim(__class__=<class 'psychopy.visual.text.TextStim'>, alignHoriz=method-wrapper(...), alignText='center', alignVert=method-wrapper(...), anchorHoriz='center', anchorVert='center', antialias=True, autoLog=True, bold=False, color='white', colorSpace='named', contrast=1.0, depth=-3.0, flipHoriz=False, flipVert=False, font='Arial', fontFiles=[], height=0.07, italic=False, languageStyle='LTR', name='text_stim_prompt', opacity=1.0, ori=0, pos=array([0. , 0.3]), rgb=array([255., 255., 255.]), text='default text', units='height', win=Window(...), wrapWidth=1)
24.2963 	EXP 	Created text_stim_sentence = TextStim(__class__=<class 'psychopy.visual.text.TextStim'>, alignHoriz=method-wrapper(...), alignText='center', alignVert=method-wrapper(...), anchorHoriz='center', anchorVert='center', antialias=True, autoLog=True, bold=False, color='black', colorSpace='named', contrast=1.0, depth=-4.0, flipHoriz=False, flipVert=False, font='Arial', fontFiles=[], height=0.09, italic=False, languageStyle='LTR', name='text_stim_sentence', opacity=1.0, ori=0, pos=array([0., 0.]), rgb=array([0., 0., 0.]), text='default text', units='height', win=Window(...), wrapWidth=1)
24.3576 	EXP 	Created text_stim_stim_n = TextStim(__class__=<class 'psychopy.visual.text.TextStim'>, alignHoriz=method-wrapper(...), alignText='center', alignVert=method-wrapper(...), anchorHoriz='center', anchorVert='center', antialias=True, autoLog=True, bold=False, color='grey', colorSpace='named', contrast=1.0, depth=0.0, flipHoriz=False, flipVert=False, font='Arial', fontFiles=[], height=0.03, italic=False, languageStyle='LTR', name='text_stim_stim_n', opacity=1.0, ori=0, pos=array([-0.67, -0.47]), rgb=array([128., 128., 128.]), text='default text', units='height', win=Window(...), wrapWidth=1)
24.3614 	EXP 	Created text_stim_sentence_type = TextStim(__class__=<class 'psychopy.visual.text.TextStim'>, alignHoriz=method-wrapper(...), alignText='center', alignVert=method-wrapper(...), anchorHoriz='center', anchorVert='center', antialias=True, autoLog=True, bold=False, color='grey', colorSpace='named', contrast=1.0, depth=-1.0, flipHoriz=False, flipVert=False, font='Arial', fontFiles=[], height=0.03, italic=False, languageStyle='LTR', name='text_stim_sentence_type', opacity=1.0, ori=0, pos=array([-0.57, -0.47]), rgb=array([128., 128., 128.]), text='default text', units='height', win=Window(...), wrapWidth=1)
24.3673 	EXP 	Created text_stim_condition = TextStim(__class__=<class 'psychopy.visual.text.TextStim'>, alignHoriz=method-wrapper(...), alignText='center', alignVert=method-wrapper(...), anchorHoriz='center', anchorVert='center', antialias=True, autoLog=True, bold=False, color='grey', colorSpace='named', contrast=1.0, depth=-2.0, flipHoriz=False, flipVert=False, font='Arial', fontFiles=[], height=0.03, italic=False, languageStyle='LTR', name='text_stim_condition', opacity=1.0, ori=0, pos=array([ 0.  , -0.47]), rgb=array([128., 128., 128.]), text='default text', units='height', win=Window(...), wrapWidth=1)
24.3937 	EXP 	Created text_stim_prompt = TextStim(__class__=<class 'psychopy.visual.text.TextStim'>, alignHoriz=method-wrapper(...), alignText='center', alignVert=method-wrapper(...), anchorHoriz='center', anchorVert='center', antialias=True, autoLog=True, bold=False, color='white', colorSpace='named', contrast=1.0, depth=-3.0, flipHoriz=False, flipVert=False, font='Arial', fontFiles=[], height=0.07, italic=False, languageStyle='LTR', name='text_stim_prompt', opacity=1.0, ori=0, pos=array([0. , 0.3]), rgb=array([255., 255., 255.]), text='default text', units='height', win=Window(...), wrapWidth=1)
24.4018 	EXP 	Created text_stim_sentence = TextStim(__class__=<class 'psychopy.visual.text.TextStim'>, alignHoriz=method-wrapper(...), alignText='center', alignVert=method-wrapper(...), anchorHoriz='center', anchorVert='center', antialias=True, autoLog=True, bold=False, color='black', colorSpace='named', contrast=1.0, depth=-4.0, flipHoriz=False, flipVert=False, font='Arial', fontFiles=[], height=0.09, italic=False, languageStyle='LTR', name='text_stim_sentence', opacity=1.0, ori=0, pos=array([0., 0.]), rgb=array([0., 0., 0.]), text='default text', units='height', win=Window(...), wrapWidth=1)
24.4501 	DEBUG 	Read csv file with pandas: trials/stim_list.csv
24.4578 	DEBUG 	Clearing unnamed columns from trials/stim_list.csv
24.4672 	EXP 	Imported trials/stim_list.csv as conditions, 65 conditions, 6 params
24.4681 	EXP 	Created sequence: sequential, trialTypes=65, nReps=1, seed=None
24.4688 	EXP 	New trial (rep=0, index=0): OrderedDict([('stim_n', 0), ('sentence_type', ' '), ('condition', ' '), ('prompt', 'Instrucciones'), ('sentence', 'Por favor lea las siguientes frases.'), ('color', 'blue')])
24.5817 	WARNING 	t of last frame was 638.08ms (=1/1)
24.5817 	EXP 	text_stim_stim_n: text = 0
24.5817 	EXP 	text_stim_sentence_type: text = ' '
24.5817 	EXP 	text_stim_condition: text = ' '
24.5817 	EXP 	text_stim_prompt: color = 'blue (named)'
24.5817 	EXP 	text_stim_prompt: text = 'Instrucciones'
24.5817 	EXP 	text_stim_sentence: text = 'Por favor lea las siguientes frases.'
24.5817 	EXP 	text_stim_stim_n: autoDraw = True
24.5817 	EXP 	text_stim_sentence_type: autoDraw = True
24.5817 	EXP 	text_stim_condition: autoDraw = True
24.5817 	EXP 	text_stim_prompt: autoDraw = True
24.6442 	WARNING 	t of last frame was 62.49ms (=1/16)
24.6442 	EXP 	text_stim_sentence: autoDraw = True
24.7105 	WARNING 	t of last frame was 33.63ms (=1/29)
24.7427 	WARNING 	t of last frame was 32.20ms (=1/31)
24.7799 	WARNING 	Multiple dropped frames have occurred - I'll stop bothering you about them!
148.9268 	DATA 	Keypress: right
148.9412 	EXP 	New trial (rep=0, index=1): OrderedDict([('stim_n', 1), ('sentence_type', 'match'), ('condition', 'declarative_broad_focus'), ('prompt', ' '), ('sentence', 'Daniel iba a Bolivia.'), ('color', 'white')])
149.0179 	EXP 	text_stim_stim_n: autoDraw = False
149.0179 	EXP 	text_stim_sentence_type: autoDraw = False
149.0179 	EXP 	text_stim_condition: autoDraw = False
149.0179 	EXP 	text_stim_prompt: autoDraw = False
149.0179 	EXP 	text_stim_sentence: autoDraw = False
149.0179 	EXP 	text_stim_stim_n: text = 1
149.0179 	EXP 	text_stim_sentence_type: text = 'match'
149.0179 	EXP 	text_stim_condition: text = 'declarative_broad_focus'
149.0179 	EXP 	text_stim_prompt: color = 'white (named)'
149.0179 	EXP 	text_stim_prompt: text = ' '
149.0179 	EXP 	text_stim_sentence: text = 'Daniel iba a Bolivia.'
149.0179 	EXP 	text_stim_stim_n: autoDraw = True
149.0179 	EXP 	text_stim_sentence_type: autoDraw = True
149.0179 	EXP 	text_stim_condition: autoDraw = True
149.0179 	EXP 	text_stim_prompt: autoDraw = True
149.0681 	EXP 	text_stim_sentence: autoDraw = True
153.5798 	EXP 	New trial (rep=0, index=2): OrderedDict([('stim_n', 2), ('sentence_type', 'match'), ('condition', 'declarative_broad_focus'), ('prompt', ' '), ('sentence', 'David leía el libro.'), ('color', 'white')])
153.6041 	DATA 	Keypress: right
153.6232 	EXP 	text_stim_stim_n: autoDraw = False
153.6232 	EXP 	text_stim_sentence_type: autoDraw = False
153.6232 	EXP 	text_stim_condition: autoDraw = False
153.6232 	EXP 	text_stim_prompt: autoDraw = False
153.6232 	EXP 	text_stim_sentence: autoDraw = False
153.6232 	EXP 	text_stim_stim_n: text = 2
153.6232 	EXP 	text_stim_sentence_type: text = 'match'
153.6232 	EXP 	text_stim_condition: text = 'declarative_broad_focus'
153.6232 	EXP 	text_stim_prompt: color = 'white (named)'
153.6232 	EXP 	text_stim_prompt: text = ' '
153.6232 	EXP 	text_stim_sentence: text = 'David leía el libro.'
153.6232 	EXP 	text_stim_stim_n: autoDraw = True
153.6232 	EXP 	text_stim_sentence_type: autoDraw = True
153.6232 	EXP 	text_stim_condition: autoDraw = True
153.6232 	EXP 	text_stim_prompt: autoDraw = True
153.6537 	EXP 	text_stim_sentence: autoDraw = True
157.5032 	EXP 	New trial (rep=0, index=3): OrderedDict([('stim_n', 3), ('sentence_type', 'match'), ('condition', 'declarative_broad_focus'), ('prompt', ' '), ('sentence', 'Emilio ama la marcha.'), ('color', 'white')])
157.5304 	DATA 	Keypress: right
157.5541 	EXP 	text_stim_stim_n: autoDraw = False
157.5541 	EXP 	text_stim_sentence_type: autoDraw = False
157.5541 	EXP 	text_stim_condition: autoDraw = False
157.5541 	EXP 	text_stim_prompt: autoDraw = False
157.5541 	EXP 	text_stim_sentence: autoDraw = False
157.5541 	EXP 	text_stim_stim_n: text = 3
157.5541 	EXP 	text_stim_sentence_type: text = 'match'
157.5541 	EXP 	text_stim_condition: text = 'declarative_broad_focus'
157.5541 	EXP 	text_stim_prompt: color = 'white (named)'
157.5541 	EXP 	text_stim_prompt: text = ' '
157.5541 	EXP 	text_stim_sentence: text = 'Emilio ama la marcha.'
157.5541 	EXP 	text_stim_stim_n: autoDraw = True
157.5541 	EXP 	text_stim_sentence_type: autoDraw = True
157.5541 	EXP 	text_stim_condition: autoDraw = True
157.5541 	EXP 	text_stim_prompt: autoDraw = True
157.5689 	EXP 	text_stim_sentence: autoDraw = True
160.9704 	EXP 	New trial (rep=0, index=4): OrderedDict([('stim_n', 4), ('sentence_type', 'match'), ('condition', 'declarative_broad_focus'), ('prompt', ' '), ('sentence', 'Mariano habla del tiempo.'), ('color', 'white')])
160.9874 	DATA 	Keypress: right
161.0011 	EXP 	text_stim_stim_n: autoDraw = False
161.0011 	EXP 	text_stim_sentence_type: autoDraw = False
161.0011 	EXP 	text_stim_condition: autoDraw = False
161.0011 	EXP 	text_stim_prompt: autoDraw = False
161.0011 	EXP 	text_stim_sentence: autoDraw = False
161.0011 	EXP 	text_stim_stim_n: text = 4
161.0011 	EXP 	text_stim_sentence_type: text = 'match'
161.0011 	EXP 	text_stim_condition: text = 'declarative_broad_focus'
161.0011 	EXP 	text_stim_prompt: color = 'white (named)'
161.0011 	EXP 	text_stim_prompt: text = ' '
161.0011 	EXP 	text_stim_sentence: text = 'Mariano habla del tiempo.'
161.0011 	EXP 	text_stim_stim_n: autoDraw = True
161.0011 	EXP 	text_stim_sentence_type: autoDraw = True
161.0011 	EXP 	text_stim_condition: autoDraw = True
161.0011 	EXP 	text_stim_prompt: autoDraw = True
161.0345 	EXP 	text_stim_sentence: autoDraw = True
164.8237 	EXP 	New trial (rep=0, index=5): OrderedDict([('stim_n', 5), ('sentence_type', 'match'), ('condition', 'declarative_broad_focus'), ('prompt', ' '), ('sentence', 'Ana lleva el abrigo.'), ('color', 'white')])
164.8383 	DATA 	Keypress: right
164.8517 	EXP 	text_stim_stim_n: autoDraw = False
164.8517 	EXP 	text_stim_sentence_type: autoDraw = False
164.8517 	EXP 	text_stim_condition: autoDraw = False
164.8517 	EXP 	text_stim_prompt: autoDraw = False
164.8517 	EXP 	text_stim_sentence: autoDraw = False
164.8517 	EXP 	text_stim_stim_n: text = 5
164.8517 	EXP 	text_stim_sentence_type: text = 'match'
164.8517 	EXP 	text_stim_condition: text = 'declarative_broad_focus'
164.8517 	EXP 	text_stim_prompt: color = 'white (named)'
164.8517 	EXP 	text_stim_prompt: text = ' '
164.8517 	EXP 	text_stim_sentence: text = 'Ana lleva el abrigo.'
164.8517 	EXP 	text_stim_stim_n: autoDraw = True
164.8517 	EXP 	text_stim_sentence_type: autoDraw = True
164.8517 	EXP 	text_stim_condition: autoDraw = True
164.8517 	EXP 	text_stim_prompt: autoDraw = True
164.8852 	EXP 	text_stim_sentence: autoDraw = True
168.6219 	EXP 	New trial (rep=0, index=6): OrderedDict([('stim_n', 6), ('sentence_type', 'match'), ('condition', 'declarative_broad_focus'), ('prompt', ' '), ('sentence', 'María bebe el vino.'), ('color', 'white')])
168.6347 	DATA 	Keypress: right
168.6526 	EXP 	text_stim_stim_n: autoDraw = False
168.6526 	EXP 	text_stim_sentence_type: autoDraw = False
168.6526 	EXP 	text_stim_condition: autoDraw = False
168.6526 	EXP 	text_stim_prompt: autoDraw = False
168.6526 	EXP 	text_stim_sentence: autoDraw = False
168.6526 	EXP 	text_stim_stim_n: text = 6
168.6526 	EXP 	text_stim_sentence_type: text = 'match'
168.6526 	EXP 	text_stim_condition: text = 'declarative_broad_focus'
168.6526 	EXP 	text_stim_prompt: color = 'white (named)'
168.6526 	EXP 	text_stim_prompt: text = ' '
168.6526 	EXP 	text_stim_sentence: text = 'María bebe el vino.'
168.6526 	EXP 	text_stim_stim_n: autoDraw = True
168.6526 	EXP 	text_stim_sentence_type: autoDraw = True
168.6526 	EXP 	text_stim_condition: autoDraw = True
168.6526 	EXP 	text_stim_prompt: autoDraw = True
168.6845 	EXP 	text_stim_sentence: autoDraw = True
172.0388 	EXP 	New trial (rep=0, index=7): OrderedDict([('stim_n', 7), ('sentence_type', 'match'), ('condition', 'declarative_broad_focus'), ('prompt', ' '), ('sentence', 'Marta abre el regalo.'), ('color', 'white')])
172.0516 	DATA 	Keypress: right
172.0690 	EXP 	text_stim_stim_n: autoDraw = False
172.0690 	EXP 	text_stim_sentence_type: autoDraw = False
172.0690 	EXP 	text_stim_condition: autoDraw = False
172.0690 	EXP 	text_stim_prompt: autoDraw = False
172.0690 	EXP 	text_stim_sentence: autoDraw = False
172.0690 	EXP 	text_stim_stim_n: text = 7
172.0690 	EXP 	text_stim_sentence_type: text = 'match'
172.0690 	EXP 	text_stim_condition: text = 'declarative_broad_focus'
172.0690 	EXP 	text_stim_prompt: color = 'white (named)'
172.0690 	EXP 	text_stim_prompt: text = ' '
172.0690 	EXP 	text_stim_sentence: text = 'Marta abre el regalo.'
172.0690 	EXP 	text_stim_stim_n: autoDraw = True
172.0690 	EXP 	text_stim_sentence_type: autoDraw = True
172.0690 	EXP 	text_stim_condition: autoDraw = True
172.0690 	EXP 	text_stim_prompt: autoDraw = True
172.1049 	EXP 	text_stim_sentence: autoDraw = True
175.3215 	EXP 	New trial (rep=0, index=8): OrderedDict([('stim_n', 8), ('sentence_type', 'match'), ('condition', 'declarative_broad_focus'), ('prompt', ' '), ('sentence', 'Manuela vende el carro.'), ('color', 'white')])
175.3334 	DATA 	Keypress: right
175.3541 	EXP 	text_stim_stim_n: autoDraw = False
175.3541 	EXP 	text_stim_sentence_type: autoDraw = False
175.3541 	EXP 	text_stim_condition: autoDraw = False
175.3541 	EXP 	text_stim_prompt: autoDraw = False
175.3541 	EXP 	text_stim_sentence: autoDraw = False
175.3541 	EXP 	text_stim_stim_n: text = 8
175.3541 	EXP 	text_stim_sentence_type: text = 'match'
175.3541 	EXP 	text_stim_condition: text = 'declarative_broad_focus'
175.3541 	EXP 	text_stim_prompt: color = 'white (named)'
175.3541 	EXP 	text_stim_prompt: text = ' '
175.3541 	EXP 	text_stim_sentence: text = 'Manuela vende el carro.'
175.3541 	EXP 	text_stim_stim_n: autoDraw = True
175.3541 	EXP 	text_stim_sentence_type: autoDraw = True
175.3541 	EXP 	text_stim_condition: autoDraw = True
175.3541 	EXP 	text_stim_prompt: autoDraw = True
175.3845 	EXP 	text_stim_sentence: autoDraw = True
179.3087 	EXP 	New trial (rep=0, index=9): OrderedDict([('stim_n', 9), ('sentence_type', 'match'), ('condition', 'declarative_narrow_focus'), ('prompt', '¿A dónde iba Daniel?'), ('sentence', 'Daniel iba a Bolivia.'), ('color', 'blue')])
179.3594 	DATA 	Keypress: right
179.3723 	EXP 	text_stim_stim_n: autoDraw = False
179.3723 	EXP 	text_stim_sentence_type: autoDraw = False
179.3723 	EXP 	text_stim_condition: autoDraw = False
179.3723 	EXP 	text_stim_prompt: autoDraw = False
179.3723 	EXP 	text_stim_sentence: autoDraw = False
179.3723 	EXP 	text_stim_stim_n: text = 9
179.3723 	EXP 	text_stim_sentence_type: text = 'match'
179.3723 	EXP 	text_stim_condition: text = 'declarative_narrow_focus'
179.3723 	EXP 	text_stim_prompt: color = 'blue (named)'
179.3723 	EXP 	text_stim_prompt: text = '¿A dónde iba Daniel?'
179.3723 	EXP 	text_stim_sentence: text = 'Daniel iba a Bolivia.'
179.3723 	EXP 	text_stim_stim_n: autoDraw = True
179.3723 	EXP 	text_stim_sentence_type: autoDraw = True
179.3723 	EXP 	text_stim_condition: autoDraw = True
179.3723 	EXP 	text_stim_prompt: autoDraw = True
179.4038 	EXP 	text_stim_sentence: autoDraw = True
185.9432 	EXP 	New trial (rep=0, index=10): OrderedDict([('stim_n', 10), ('sentence_type', 'match'), ('condition', 'declarative_narrow_focus'), ('prompt', '¿Qué leía David?'), ('sentence', 'David leía el libro.'), ('color', 'blue')])
185.9745 	DATA 	Keypress: right
185.9880 	EXP 	text_stim_stim_n: autoDraw = False
185.9880 	EXP 	text_stim_sentence_type: autoDraw = False
185.9880 	EXP 	text_stim_condition: autoDraw = False
185.9880 	EXP 	text_stim_prompt: autoDraw = False
185.9880 	EXP 	text_stim_sentence: autoDraw = False
185.9880 	EXP 	text_stim_stim_n: text = 10
185.9880 	EXP 	text_stim_sentence_type: text = 'match'
185.9880 	EXP 	text_stim_condition: text = 'declarative_narrow_focus'
185.9880 	EXP 	text_stim_prompt: color = 'blue (named)'
185.9880 	EXP 	text_stim_prompt: text = '¿Qué leía David?'
185.9880 	EXP 	text_stim_sentence: text = 'David leía el libro.'
185.9880 	EXP 	text_stim_stim_n: autoDraw = True
185.9880 	EXP 	text_stim_sentence_type: autoDraw = True
185.9880 	EXP 	text_stim_condition: autoDraw = True
185.9880 	EXP 	text_stim_prompt: autoDraw = True
186.0199 	EXP 	text_stim_sentence: autoDraw = True
190.5429 	EXP 	New trial (rep=0, index=11): OrderedDict([('stim_n', 11), ('sentence_type', 'match'), ('condition', 'declarative_narrow_focus'), ('prompt', '¿Qué ama Emilio?'), ('sentence', 'Emilio ama la marcha.'), ('color', 'blue')])
190.5667 	DATA 	Keypress: right
190.5886 	EXP 	text_stim_stim_n: autoDraw = False
190.5886 	EXP 	text_stim_sentence_type: autoDraw = False
190.5886 	EXP 	text_stim_condition: autoDraw = False
190.5886 	EXP 	text_stim_prompt: autoDraw = False
190.5886 	EXP 	text_stim_sentence: autoDraw = False
190.5886 	EXP 	text_stim_stim_n: text = 11
190.5886 	EXP 	text_stim_sentence_type: text = 'match'
190.5886 	EXP 	text_stim_condition: text = 'declarative_narrow_focus'
190.5886 	EXP 	text_stim_prompt: color = 'blue (named)'
190.5886 	EXP 	text_stim_prompt: text = '¿Qué ama Emilio?'
190.5886 	EXP 	text_stim_sentence: text = 'Emilio ama la marcha.'
190.5886 	EXP 	text_stim_stim_n: autoDraw = True
190.5886 	EXP 	text_stim_sentence_type: autoDraw = True
190.5886 	EXP 	text_stim_condition: autoDraw = True
190.5886 	EXP 	text_stim_prompt: autoDraw = True
190.6046 	EXP 	text_stim_sentence: autoDraw = True
195.9437 	EXP 	New trial (rep=0, index=12): OrderedDict([('stim_n', 12), ('sentence_type', 'match'), ('condition', 'declarative_narrow_focus'), ('prompt', '¿De qué habla Mariano?'), ('sentence', 'Mariano habla del tiempo.'), ('color', 'blue')])
195.9784 	DATA 	Keypress: right
195.9872 	EXP 	text_stim_stim_n: autoDraw = False
195.9872 	EXP 	text_stim_sentence_type: autoDraw = False
195.9872 	EXP 	text_stim_condition: autoDraw = False
195.9872 	EXP 	text_stim_prompt: autoDraw = False
195.9872 	EXP 	text_stim_sentence: autoDraw = False
195.9872 	EXP 	text_stim_stim_n: text = 12
195.9872 	EXP 	text_stim_sentence_type: text = 'match'
195.9872 	EXP 	text_stim_condition: text = 'declarative_narrow_focus'
195.9872 	EXP 	text_stim_prompt: color = 'blue (named)'
195.9872 	EXP 	text_stim_prompt: text = '¿De qué habla Mariano?'
195.9872 	EXP 	text_stim_sentence: text = 'Mariano habla del tiempo.'
195.9872 	EXP 	text_stim_stim_n: autoDraw = True
195.9872 	EXP 	text_stim_sentence_type: autoDraw = True
195.9872 	EXP 	text_stim_condition: autoDraw = True
195.9872 	EXP 	text_stim_prompt: autoDraw = True
196.0199 	EXP 	text_stim_sentence: autoDraw = True
197.5737 	EXP 	New trial (rep=0, index=13): OrderedDict([('stim_n', 13), ('sentence_type', 'match'), ('condition', 'declarative_narrow_focus'), ('prompt', '¿Qué lleva Ana?'), ('sentence', 'Ana lleva el abrigo.'), ('color', 'blue')])
197.5868 	DATA 	Keypress: left
197.6060 	EXP 	text_stim_stim_n: autoDraw = False
197.6060 	EXP 	text_stim_sentence_type: autoDraw = False
197.6060 	EXP 	text_stim_condition: autoDraw = False
197.6060 	EXP 	text_stim_prompt: autoDraw = False
197.6060 	EXP 	text_stim_sentence: autoDraw = False
197.6060 	EXP 	text_stim_stim_n: text = 13
197.6060 	EXP 	text_stim_sentence_type: text = 'match'
197.6060 	EXP 	text_stim_condition: text = 'declarative_narrow_focus'
197.6060 	EXP 	text_stim_prompt: color = 'blue (named)'
197.6060 	EXP 	text_stim_prompt: text = '¿Qué lleva Ana?'
197.6060 	EXP 	text_stim_sentence: text = 'Ana lleva el abrigo.'
197.6060 	EXP 	text_stim_stim_n: autoDraw = True
197.6060 	EXP 	text_stim_sentence_type: autoDraw = True
197.6060 	EXP 	text_stim_condition: autoDraw = True
197.6060 	EXP 	text_stim_prompt: autoDraw = True
197.6370 	EXP 	text_stim_sentence: autoDraw = True
199.6623 	EXP 	New trial (rep=0, index=14): OrderedDict([('stim_n', 14), ('sentence_type', 'match'), ('condition', 'declarative_narrow_focus'), ('prompt', '¿Qué bebe María?'), ('sentence', 'María bebe el vino.'), ('color', 'blue')])
199.6788 	DATA 	Keypress: left
199.6876 	EXP 	text_stim_stim_n: autoDraw = False
199.6876 	EXP 	text_stim_sentence_type: autoDraw = False
199.6876 	EXP 	text_stim_condition: autoDraw = False
199.6876 	EXP 	text_stim_prompt: autoDraw = False
199.6876 	EXP 	text_stim_sentence: autoDraw = False
199.6876 	EXP 	text_stim_stim_n: text = 14
199.6876 	EXP 	text_stim_sentence_type: text = 'match'
199.6876 	EXP 	text_stim_condition: text = 'declarative_narrow_focus'
199.6876 	EXP 	text_stim_prompt: color = 'blue (named)'
199.6876 	EXP 	text_stim_prompt: text = '¿Qué bebe María?'
199.6876 	EXP 	text_stim_sentence: text = 'María bebe el vino.'
199.6876 	EXP 	text_stim_stim_n: autoDraw = True
199.6876 	EXP 	text_stim_sentence_type: autoDraw = True
199.6876 	EXP 	text_stim_condition: autoDraw = True
199.6876 	EXP 	text_stim_prompt: autoDraw = True
199.7216 	EXP 	text_stim_sentence: autoDraw = True
200.5091 	EXP 	New trial (rep=0, index=15): OrderedDict([('stim_n', 15), ('sentence_type', 'match'), ('condition', 'declarative_narrow_focus'), ('prompt', '¿Qué abre Marta?'), ('sentence', 'Marta abre el regalo.'), ('color', 'blue')])
200.5305 	DATA 	Keypress: right
200.5387 	EXP 	text_stim_stim_n: autoDraw = False
200.5387 	EXP 	text_stim_sentence_type: autoDraw = False
200.5387 	EXP 	text_stim_condition: autoDraw = False
200.5387 	EXP 	text_stim_prompt: autoDraw = False
200.5387 	EXP 	text_stim_sentence: autoDraw = False
200.5387 	EXP 	text_stim_stim_n: text = 15
200.5387 	EXP 	text_stim_sentence_type: text = 'match'
200.5387 	EXP 	text_stim_condition: text = 'declarative_narrow_focus'
200.5387 	EXP 	text_stim_prompt: color = 'blue (named)'
200.5387 	EXP 	text_stim_prompt: text = '¿Qué abre Marta?'
200.5387 	EXP 	text_stim_sentence: text = 'Marta abre el regalo.'
200.5387 	EXP 	text_stim_stim_n: autoDraw = True
200.5387 	EXP 	text_stim_sentence_type: autoDraw = True
200.5387 	EXP 	text_stim_condition: autoDraw = True
200.5387 	EXP 	text_stim_prompt: autoDraw = True
200.5700 	EXP 	text_stim_sentence: autoDraw = True
200.7941 	EXP 	New trial (rep=0, index=16): OrderedDict([('stim_n', 16), ('sentence_type', 'match'), ('condition', 'declarative_narrow_focus'), ('prompt', '¿Qué vende Manuela?'), ('sentence', 'Manuela vende el carro.'), ('color', 'blue')])
200.8096 	DATA 	Keypress: right
200.8268 	EXP 	text_stim_stim_n: autoDraw = False
200.8268 	EXP 	text_stim_sentence_type: autoDraw = False
200.8268 	EXP 	text_stim_condition: autoDraw = False
200.8268 	EXP 	text_stim_prompt: autoDraw = False
200.8268 	EXP 	text_stim_sentence: autoDraw = False
200.8268 	EXP 	text_stim_stim_n: text = 16
200.8268 	EXP 	text_stim_sentence_type: text = 'match'
200.8268 	EXP 	text_stim_condition: text = 'declarative_narrow_focus'
200.8268 	EXP 	text_stim_prompt: color = 'blue (named)'
200.8268 	EXP 	text_stim_prompt: text = '¿Qué vende Manuela?'
200.8268 	EXP 	text_stim_sentence: text = 'Manuela vende el carro.'
200.8268 	EXP 	text_stim_stim_n: autoDraw = True
200.8268 	EXP 	text_stim_sentence_type: autoDraw = True
200.8268 	EXP 	text_stim_condition: autoDraw = True
200.8268 	EXP 	text_stim_prompt: autoDraw = True
200.8552 	EXP 	text_stim_sentence: autoDraw = True
201.7077 	EXP 	New trial (rep=0, index=17): OrderedDict([('stim_n', 17), ('sentence_type', 'match'), ('condition', 'interrogative_total_yn'), ('prompt', ' '), ('sentence', '¿Daniel iba a Bolivia?'), ('color', 'white')])
201.7308 	DATA 	Keypress: right
201.7388 	EXP 	text_stim_stim_n: autoDraw = False
201.7388 	EXP 	text_stim_sentence_type: autoDraw = False
201.7388 	EXP 	text_stim_condition: autoDraw = False
201.7388 	EXP 	text_stim_prompt: autoDraw = False
201.7388 	EXP 	text_stim_sentence: autoDraw = False
201.7388 	EXP 	text_stim_stim_n: text = 17
201.7388 	EXP 	text_stim_sentence_type: text = 'match'
201.7388 	EXP 	text_stim_condition: text = 'interrogative_total_yn'
201.7388 	EXP 	text_stim_prompt: color = 'white (named)'
201.7388 	EXP 	text_stim_prompt: text = ' '
201.7388 	EXP 	text_stim_sentence: text = '¿Daniel iba a Bolivia?'
201.7388 	EXP 	text_stim_stim_n: autoDraw = True
201.7388 	EXP 	text_stim_sentence_type: autoDraw = True
201.7388 	EXP 	text_stim_condition: autoDraw = True
201.7388 	EXP 	text_stim_prompt: autoDraw = True
201.7716 	EXP 	text_stim_sentence: autoDraw = True
204.3097 	EXP 	New trial (rep=0, index=18): OrderedDict([('stim_n', 18), ('sentence_type', 'match'), ('condition', 'interrogative_total_yn'), ('prompt', ' '), ('sentence', '¿David leía el libro?'), ('color', 'white')])
204.3269 	DATA 	Keypress: left
204.3371 	EXP 	text_stim_stim_n: autoDraw = False
204.3371 	EXP 	text_stim_sentence_type: autoDraw = False
204.3371 	EXP 	text_stim_condition: autoDraw = False
204.3371 	EXP 	text_stim_prompt: autoDraw = False
204.3371 	EXP 	text_stim_sentence: autoDraw = False
204.3371 	EXP 	text_stim_stim_n: text = 18
204.3371 	EXP 	text_stim_sentence_type: text = 'match'
204.3371 	EXP 	text_stim_condition: text = 'interrogative_total_yn'
204.3371 	EXP 	text_stim_prompt: color = 'white (named)'
204.3371 	EXP 	text_stim_prompt: text = ' '
204.3371 	EXP 	text_stim_sentence: text = '¿David leía el libro?'
204.3371 	EXP 	text_stim_stim_n: autoDraw = True
204.3371 	EXP 	text_stim_sentence_type: autoDraw = True
204.3371 	EXP 	text_stim_condition: autoDraw = True
204.3371 	EXP 	text_stim_prompt: autoDraw = True
204.3709 	EXP 	text_stim_sentence: autoDraw = True
204.6254 	EXP 	New trial (rep=0, index=19): OrderedDict([('stim_n', 19), ('sentence_type', 'match'), ('condition', 'interrogative_total_yn'), ('prompt', ' '), ('sentence', '¿Emilio ama la marcha?'), ('color', 'white')])
204.6541 	DATA 	Keypress: left
204.6710 	EXP 	text_stim_stim_n: autoDraw = False
204.6710 	EXP 	text_stim_sentence_type: autoDraw = False
204.6710 	EXP 	text_stim_condition: autoDraw = False
204.6710 	EXP 	text_stim_prompt: autoDraw = False
204.6710 	EXP 	text_stim_sentence: autoDraw = False
204.6710 	EXP 	text_stim_stim_n: text = 19
204.6710 	EXP 	text_stim_sentence_type: text = 'match'
204.6710 	EXP 	text_stim_condition: text = 'interrogative_total_yn'
204.6710 	EXP 	text_stim_prompt: color = 'white (named)'
204.6710 	EXP 	text_stim_prompt: text = ' '
204.6710 	EXP 	text_stim_sentence: text = '¿Emilio ama la marcha?'
204.6710 	EXP 	text_stim_stim_n: autoDraw = True
204.6710 	EXP 	text_stim_sentence_type: autoDraw = True
204.6710 	EXP 	text_stim_condition: autoDraw = True
204.6710 	EXP 	text_stim_prompt: autoDraw = True
204.6890 	EXP 	text_stim_sentence: autoDraw = True
205.2656 	EXP 	New trial (rep=0, index=20): OrderedDict([('stim_n', 20), ('sentence_type', 'match'), ('condition', 'interrogative_total_yn'), ('prompt', ' '), ('sentence', '¿Mariano habla del tiempo?'), ('color', 'white')])
205.2788 	DATA 	Keypress: left
205.3059 	EXP 	text_stim_stim_n: autoDraw = False
205.3059 	EXP 	text_stim_sentence_type: autoDraw = False
205.3059 	EXP 	text_stim_condition: autoDraw = False
205.3059 	EXP 	text_stim_prompt: autoDraw = False
205.3059 	EXP 	text_stim_sentence: autoDraw = False
205.3059 	EXP 	text_stim_stim_n: text = 20
205.3059 	EXP 	text_stim_sentence_type: text = 'match'
205.3059 	EXP 	text_stim_condition: text = 'interrogative_total_yn'
205.3059 	EXP 	text_stim_prompt: color = 'white (named)'
205.3059 	EXP 	text_stim_prompt: text = ' '
205.3059 	EXP 	text_stim_sentence: text = '¿Mariano habla del tiempo?'
205.3059 	EXP 	text_stim_stim_n: autoDraw = True
205.3059 	EXP 	text_stim_sentence_type: autoDraw = True
205.3059 	EXP 	text_stim_condition: autoDraw = True
205.3059 	EXP 	text_stim_prompt: autoDraw = True
205.3214 	EXP 	text_stim_sentence: autoDraw = True
205.7580 	EXP 	New trial (rep=0, index=21): OrderedDict([('stim_n', 21), ('sentence_type', 'match'), ('condition', 'interrogative_total_yn'), ('prompt', ' '), ('sentence', '¿Ana lleva el abrigo?'), ('color', 'white')])
205.7758 	DATA 	Keypress: left
205.7872 	EXP 	text_stim_stim_n: autoDraw = False
205.7872 	EXP 	text_stim_sentence_type: autoDraw = False
205.7872 	EXP 	text_stim_condition: autoDraw = False
205.7872 	EXP 	text_stim_prompt: autoDraw = False
205.7872 	EXP 	text_stim_sentence: autoDraw = False
205.7872 	EXP 	text_stim_stim_n: text = 21
205.7872 	EXP 	text_stim_sentence_type: text = 'match'
205.7872 	EXP 	text_stim_condition: text = 'interrogative_total_yn'
205.7872 	EXP 	text_stim_prompt: color = 'white (named)'
205.7872 	EXP 	text_stim_prompt: text = ' '
205.7872 	EXP 	text_stim_sentence: text = '¿Ana lleva el abrigo?'
205.7872 	EXP 	text_stim_stim_n: autoDraw = True
205.7872 	EXP 	text_stim_sentence_type: autoDraw = True
205.7872 	EXP 	text_stim_condition: autoDraw = True
205.7872 	EXP 	text_stim_prompt: autoDraw = True
205.8210 	EXP 	text_stim_sentence: autoDraw = True
205.9935 	EXP 	New trial (rep=0, index=22): OrderedDict([('stim_n', 22), ('sentence_type', 'match'), ('condition', 'interrogative_total_yn'), ('prompt', ' '), ('sentence', '¿María bebe el vino?'), ('color', 'white')])
206.0082 	DATA 	Keypress: left
206.0217 	EXP 	text_stim_stim_n: autoDraw = False
206.0217 	EXP 	text_stim_sentence_type: autoDraw = False
206.0217 	EXP 	text_stim_condition: autoDraw = False
206.0217 	EXP 	text_stim_prompt: autoDraw = False
206.0217 	EXP 	text_stim_sentence: autoDraw = False
206.0217 	EXP 	text_stim_stim_n: text = 22
206.0217 	EXP 	text_stim_sentence_type: text = 'match'
206.0217 	EXP 	text_stim_condition: text = 'interrogative_total_yn'
206.0217 	EXP 	text_stim_prompt: color = 'white (named)'
206.0217 	EXP 	text_stim_prompt: text = ' '
206.0217 	EXP 	text_stim_sentence: text = '¿María bebe el vino?'
206.0217 	EXP 	text_stim_stim_n: autoDraw = True
206.0217 	EXP 	text_stim_sentence_type: autoDraw = True
206.0217 	EXP 	text_stim_condition: autoDraw = True
206.0217 	EXP 	text_stim_prompt: autoDraw = True
206.0574 	EXP 	text_stim_sentence: autoDraw = True
206.2746 	EXP 	New trial (rep=0, index=23): OrderedDict([('stim_n', 23), ('sentence_type', 'match'), ('condition', 'interrogative_total_yn'), ('prompt', ' '), ('sentence', '¿Marta abre el regalo?'), ('color', 'white')])
206.2879 	DATA 	Keypress: left
206.3052 	EXP 	text_stim_stim_n: autoDraw = False
206.3052 	EXP 	text_stim_sentence_type: autoDraw = False
206.3052 	EXP 	text_stim_condition: autoDraw = False
206.3052 	EXP 	text_stim_prompt: autoDraw = False
206.3052 	EXP 	text_stim_sentence: autoDraw = False
206.3052 	EXP 	text_stim_stim_n: text = 23
206.3052 	EXP 	text_stim_sentence_type: text = 'match'
206.3052 	EXP 	text_stim_condition: text = 'interrogative_total_yn'
206.3052 	EXP 	text_stim_prompt: color = 'white (named)'
206.3052 	EXP 	text_stim_prompt: text = ' '
206.3052 	EXP 	text_stim_sentence: text = '¿Marta abre el regalo?'
206.3052 	EXP 	text_stim_stim_n: autoDraw = True
206.3052 	EXP 	text_stim_sentence_type: autoDraw = True
206.3052 	EXP 	text_stim_condition: autoDraw = True
206.3052 	EXP 	text_stim_prompt: autoDraw = True
206.3370 	EXP 	text_stim_sentence: autoDraw = True
206.6627 	EXP 	New trial (rep=0, index=24): OrderedDict([('stim_n', 24), ('sentence_type', 'match'), ('condition', 'interrogative_total_yn'), ('prompt', ' '), ('sentence', '¿Manuela vende el carro?'), ('color', 'white')])
206.6761 	DATA 	Keypress: left
206.6883 	EXP 	text_stim_stim_n: autoDraw = False
206.6883 	EXP 	text_stim_sentence_type: autoDraw = False
206.6883 	EXP 	text_stim_condition: autoDraw = False
206.6883 	EXP 	text_stim_prompt: autoDraw = False
206.6883 	EXP 	text_stim_sentence: autoDraw = False
206.6883 	EXP 	text_stim_stim_n: text = 24
206.6883 	EXP 	text_stim_sentence_type: text = 'match'
206.6883 	EXP 	text_stim_condition: text = 'interrogative_total_yn'
206.6883 	EXP 	text_stim_prompt: color = 'white (named)'
206.6883 	EXP 	text_stim_prompt: text = ' '
206.6883 	EXP 	text_stim_sentence: text = '¿Manuela vende el carro?'
206.6883 	EXP 	text_stim_stim_n: autoDraw = True
206.6883 	EXP 	text_stim_sentence_type: autoDraw = True
206.6883 	EXP 	text_stim_condition: autoDraw = True
206.6883 	EXP 	text_stim_prompt: autoDraw = True
206.7331 	EXP 	text_stim_sentence: autoDraw = True
207.0105 	EXP 	New trial (rep=0, index=25): OrderedDict([('stim_n', 25), ('sentence_type', 'match'), ('condition', 'interrogative_partial_wh'), ('prompt', ' '), ('sentence', '¿Por qué iba a Bolivia?'), ('color', 'white')])
207.0385 	DATA 	Keypress: left
207.0549 	EXP 	text_stim_stim_n: autoDraw = False
207.0549 	EXP 	text_stim_sentence_type: autoDraw = False
207.0549 	EXP 	text_stim_condition: autoDraw = False
207.0549 	EXP 	text_stim_prompt: autoDraw = False
207.0549 	EXP 	text_stim_sentence: autoDraw = False
207.0549 	EXP 	text_stim_stim_n: text = 25
207.0549 	EXP 	text_stim_sentence_type: text = 'match'
207.0549 	EXP 	text_stim_condition: text = 'interrogative_partial_wh'
207.0549 	EXP 	text_stim_prompt: color = 'white (named)'
207.0549 	EXP 	text_stim_prompt: text = ' '
207.0549 	EXP 	text_stim_sentence: text = '¿Por qué iba a Bolivia?'
207.0549 	EXP 	text_stim_stim_n: autoDraw = True
207.0549 	EXP 	text_stim_sentence_type: autoDraw = True
207.0549 	EXP 	text_stim_condition: autoDraw = True
207.0549 	EXP 	text_stim_prompt: autoDraw = True
207.0754 	EXP 	text_stim_sentence: autoDraw = True
207.6330 	EXP 	New trial (rep=0, index=26): OrderedDict([('stim_n', 26), ('sentence_type', 'match'), ('condition', 'interrogative_partial_wh'), ('prompt', ' '), ('sentence', '¿Cuándo leía el libro?'), ('color', 'white')])
207.6715 	DATA 	Keypress: left
207.6898 	EXP 	text_stim_stim_n: autoDraw = False
207.6898 	EXP 	text_stim_sentence_type: autoDraw = False
207.6898 	EXP 	text_stim_condition: autoDraw = False
207.6898 	EXP 	text_stim_prompt: autoDraw = False
207.6898 	EXP 	text_stim_sentence: autoDraw = False
207.6898 	EXP 	text_stim_stim_n: text = 26
207.6898 	EXP 	text_stim_sentence_type: text = 'match'
207.6898 	EXP 	text_stim_condition: text = 'interrogative_partial_wh'
207.6898 	EXP 	text_stim_prompt: color = 'white (named)'
207.6898 	EXP 	text_stim_prompt: text = ' '
207.6898 	EXP 	text_stim_sentence: text = '¿Cuándo leía el libro?'
207.6898 	EXP 	text_stim_stim_n: autoDraw = True
207.6898 	EXP 	text_stim_sentence_type: autoDraw = True
207.6898 	EXP 	text_stim_condition: autoDraw = True
207.6898 	EXP 	text_stim_prompt: autoDraw = True
207.7058 	EXP 	text_stim_sentence: autoDraw = True
208.0588 	EXP 	New trial (rep=0, index=27): OrderedDict([('stim_n', 27), ('sentence_type', 'match'), ('condition', 'interrogative_partial_wh'), ('prompt', ' '), ('sentence', '¿Por qué ama la navidad?'), ('color', 'white')])
208.0706 	DATA 	Keypress: left
208.0893 	EXP 	text_stim_stim_n: autoDraw = False
208.0893 	EXP 	text_stim_sentence_type: autoDraw = False
208.0893 	EXP 	text_stim_condition: autoDraw = False
208.0893 	EXP 	text_stim_prompt: autoDraw = False
208.0893 	EXP 	text_stim_sentence: autoDraw = False
208.0893 	EXP 	text_stim_stim_n: text = 27
208.0893 	EXP 	text_stim_sentence_type: text = 'match'
208.0893 	EXP 	text_stim_condition: text = 'interrogative_partial_wh'
208.0893 	EXP 	text_stim_prompt: color = 'white (named)'
208.0893 	EXP 	text_stim_prompt: text = ' '
208.0893 	EXP 	text_stim_sentence: text = '¿Por qué ama la navidad?'
208.0893 	EXP 	text_stim_stim_n: autoDraw = True
208.0893 	EXP 	text_stim_sentence_type: autoDraw = True
208.0893 	EXP 	text_stim_condition: autoDraw = True
208.0893 	EXP 	text_stim_prompt: autoDraw = True
208.1215 	EXP 	text_stim_sentence: autoDraw = True
208.5113 	EXP 	New trial (rep=0, index=28): OrderedDict([('stim_n', 28), ('sentence_type', 'match'), ('condition', 'interrogative_partial_wh'), ('prompt', ' '), ('sentence', '¿Por qué hablaba del agua?'), ('color', 'white')])
208.5382 	DATA 	Keypress: left
208.5545 	EXP 	text_stim_stim_n: autoDraw = False
208.5545 	EXP 	text_stim_sentence_type: autoDraw = False
208.5545 	EXP 	text_stim_condition: autoDraw = False
208.5545 	EXP 	text_stim_prompt: autoDraw = False
208.5545 	EXP 	text_stim_sentence: autoDraw = False
208.5545 	EXP 	text_stim_stim_n: text = 28
208.5545 	EXP 	text_stim_sentence_type: text = 'match'
208.5545 	EXP 	text_stim_condition: text = 'interrogative_partial_wh'
208.5545 	EXP 	text_stim_prompt: color = 'white (named)'
208.5545 	EXP 	text_stim_prompt: text = ' '
208.5545 	EXP 	text_stim_sentence: text = '¿Por qué hablaba del agua?'
208.5545 	EXP 	text_stim_stim_n: autoDraw = True
208.5545 	EXP 	text_stim_sentence_type: autoDraw = True
208.5545 	EXP 	text_stim_condition: autoDraw = True
208.5545 	EXP 	text_stim_prompt: autoDraw = True
208.5883 	EXP 	text_stim_sentence: autoDraw = True
215.3793 	DATA 	Keypress: escape
215.4680 	EXP 	window1: mouseVisible = True
215.4682 	DEBUG 	Saving data for text_stim_for_audio ExperimentHandler
215.4733 	INFO 	saved data to /Users/lfa/Desktop/empathy_intonation_perc/exp/stim/data/spain_text_stim_for_audio_2020_Nov_24_1047.psydat
215.4749 	INFO 	saved data to '/Users/lfa/Desktop/empathy_intonation_perc/exp/stim/data/spain_text_stim_for_audio_2020_Nov_24_1047.csv'
